<testsuites id="" name="" tests="62" failures="10" skipped="6" errors="0" time="47.754832">
<testsuite name="tests/01-wallet-connection.spec.ts" timestamp="2025-11-01T10:37:16.484Z" hostname="chromium" tests="12" failures="0" skipped="2" time="14.728" errors="0">
<testcase name="Wallet Connection Flow › should display wallet connection button on homepage" classname="tests/01-wallet-connection.spec.ts" time="1.378">
</testcase>
<testcase name="Wallet Connection Flow › should show RainbowKit modal when connect button is clicked" classname="tests/01-wallet-connection.spec.ts" time="1.475">
</testcase>
<testcase name="Wallet Connection Flow › should display wallet provider options in modal" classname="tests/01-wallet-connection.spec.ts" time="1.389">
</testcase>
<testcase name="Wallet Connection Flow › should close modal when cancel/close button is clicked" classname="tests/01-wallet-connection.spec.ts" time="2.351">
</testcase>
<testcase name="Wallet Connection Flow › should handle no wallet provider gracefully" classname="tests/01-wallet-connection.spec.ts" time="0.98">
</testcase>
<testcase name="Wallet Connection Flow › should persist wallet connection state in localStorage" classname="tests/01-wallet-connection.spec.ts" time="1.874">
</testcase>
<testcase name="Wallet Connection Flow › should display proper loading state during connection" classname="tests/01-wallet-connection.spec.ts" time="0.89">
</testcase>
<testcase name="Wallet Connection Flow › should show network selection in wallet modal" classname="tests/01-wallet-connection.spec.ts" time="0.869">
</testcase>
<testcase name="Wallet Connection Flow › should display wallet address in shortened format when connected" classname="tests/01-wallet-connection.spec.ts" time="2.001">
</testcase>
<testcase name="Wallet Connection Flow › should handle connection rejection by user" classname="tests/01-wallet-connection.spec.ts" time="1.521">
</testcase>
<testcase name="Wallet Connection - Responsive Design › should display wallet connection on mobile viewport" classname="tests/01-wallet-connection.spec.ts" time="0">
<properties>
<property name="skip" value="">
</property>
</properties>
<skipped>
</skipped>
</testcase>
<testcase name="Wallet Connection - Responsive Design › should open mobile-optimized wallet modal" classname="tests/01-wallet-connection.spec.ts" time="0">
<properties>
<property name="skip" value="">
</property>
</properties>
<skipped>
</skipped>
</testcase>
</testsuite>
<testsuite name="tests/02-siwe-authentication.spec.ts" timestamp="2025-11-01T10:37:16.484Z" hostname="chromium" tests="14" failures="2" skipped="0" time="23.742" errors="0">
<testcase name="SIWE Authentication Flow › should retrieve SIWE nonce from backend" classname="tests/02-siwe-authentication.spec.ts" time="0.551">
</testcase>
<testcase name="SIWE Authentication Flow › should display SIWE message after wallet connection" classname="tests/02-siwe-authentication.spec.ts" time="1.614">
</testcase>
<testcase name="SIWE Authentication Flow › should generate valid SIWE message with correct fields" classname="tests/02-siwe-authentication.spec.ts" time="1.778">
</testcase>
<testcase name="SIWE Authentication Flow › should handle successful SIWE signature and receive JWT" classname="tests/02-siwe-authentication.spec.ts" time="1.709">
</testcase>
<testcase name="SIWE Authentication Flow › should store JWT token in localStorage after authentication" classname="tests/02-siwe-authentication.spec.ts" time="0.696">
</testcase>
<testcase name="SIWE Authentication Flow › should handle signature rejection gracefully" classname="tests/02-siwe-authentication.spec.ts" time="1.582">
</testcase>
<testcase name="SIWE Authentication Flow › should display error message on invalid signature" classname="tests/02-siwe-authentication.spec.ts" time="0.641">
</testcase>
<testcase name="SIWE Authentication Flow › should persist authentication state across page refreshes" classname="tests/02-siwe-authentication.spec.ts" time="2.751">
</testcase>
<testcase name="SIWE Authentication Flow › should handle token expiration" classname="tests/02-siwe-authentication.spec.ts" time="7.303">
<failure message="02-siwe-authentication.spec.ts:151:3 should handle token expiration" type="FAILURE">
<![CDATA[  [chromium] › tests/02-siwe-authentication.spec.ts:151:3 › SIWE Authentication Flow › should handle token expiration 

    Error: expect(locator).toBeVisible() failed

    Locator: getByRole('heading', { name: /sign.*in.*ethereum/i })
    Expected: visible
    Timeout: 5000ms
    Error: element(s) not found

    Call log:
      - Expect "toBeVisible" with timeout 5000ms
      - waiting for getByRole('heading', { name: /sign.*in.*ethereum/i })


      162 |     // With expired token, app should show SignInFlow for re-authentication
      163 |     const signInCard = page.getByRole('heading', { name: /sign.*in.*ethereum/i });
    > 164 |     await expect(signInCard).toBeVisible({ timeout: 5000 });
          |                              ^
      165 |   });
      166 |
      167 |   test('should include chain ID in SIWE message', async ({ page, context }) => {
        at /Users/danwilliams/Documents/web3/gatekeeper/web/tests/e2e/tests/02-siwe-authentication.spec.ts:164:30

    attachment #1: screenshot (image/png) ──────────────────────────────────────────────────────────
    ../../test-results/tests-02-siwe-authenticati-31bc0-uld-handle-token-expiration-chromium/test-failed-1.png
    ────────────────────────────────────────────────────────────────────────────────────────────────

    attachment #2: video (video/webm) ──────────────────────────────────────────────────────────────
    ../../test-results/tests-02-siwe-authenticati-31bc0-uld-handle-token-expiration-chromium/video.webm
    ────────────────────────────────────────────────────────────────────────────────────────────────

    Error Context: ../../test-results/tests-02-siwe-authenticati-31bc0-uld-handle-token-expiration-chromium/error-context.md
]]>
</failure>
<system-out>
<![CDATA[
[[ATTACHMENT|tests-02-siwe-authenticati-31bc0-uld-handle-token-expiration-chromium/test-failed-1.png]]

[[ATTACHMENT|tests-02-siwe-authenticati-31bc0-uld-handle-token-expiration-chromium/video.webm]]

[[ATTACHMENT|tests-02-siwe-authenticati-31bc0-uld-handle-token-expiration-chromium/error-context.md]]
]]>
</system-out>
</testcase>
<testcase name="SIWE Authentication Flow › should include chain ID in SIWE message" classname="tests/02-siwe-authentication.spec.ts" time="0.776">
</testcase>
<testcase name="SIWE Authentication Flow › should verify backend validates SIWE signature correctly" classname="tests/02-siwe-authentication.spec.ts" time="0.545">
<failure message="02-siwe-authentication.spec.ts:181:3 should verify backend validates SIWE signature correctly" type="FAILURE">
<![CDATA[  [chromium] › tests/02-siwe-authentication.spec.ts:181:3 › SIWE Authentication Flow › should verify backend validates SIWE signature correctly 

    Error: expect(received).toContain(expected) // indexOf

    Expected value: 404
    Received array: [200, 400, 401]

      192 |
      193 |     // Should return 400 for invalid signature
    > 194 |     expect([200, 400, 401]).toContain(response.status());
          |                             ^
      195 |   });
      196 | });
      197 |
        at /Users/danwilliams/Documents/web3/gatekeeper/web/tests/e2e/tests/02-siwe-authentication.spec.ts:194:29

    attachment #1: screenshot (image/png) ──────────────────────────────────────────────────────────
    ../../test-results/tests-02-siwe-authenticati-c40d8-es-SIWE-signature-correctly-chromium/test-failed-1.png
    ────────────────────────────────────────────────────────────────────────────────────────────────

    attachment #2: video (video/webm) ──────────────────────────────────────────────────────────────
    ../../test-results/tests-02-siwe-authenticati-c40d8-es-SIWE-signature-correctly-chromium/video.webm
    ────────────────────────────────────────────────────────────────────────────────────────────────

    Error Context: ../../test-results/tests-02-siwe-authenticati-c40d8-es-SIWE-signature-correctly-chromium/error-context.md
]]>
</failure>
<system-out>
<![CDATA[
[[ATTACHMENT|tests-02-siwe-authenticati-c40d8-es-SIWE-signature-correctly-chromium/test-failed-1.png]]

[[ATTACHMENT|tests-02-siwe-authenticati-c40d8-es-SIWE-signature-correctly-chromium/video.webm]]

[[ATTACHMENT|tests-02-siwe-authenticati-c40d8-es-SIWE-signature-correctly-chromium/error-context.md]]
]]>
</system-out>
</testcase>
<testcase name="SIWE Authentication - Security › should not expose JWT token in URL or query parameters" classname="tests/02-siwe-authentication.spec.ts" time="0.468">
</testcase>
<testcase name="SIWE Authentication - Security › should clear authentication state on logout" classname="tests/02-siwe-authentication.spec.ts" time="1.907">
</testcase>
<testcase name="SIWE Authentication - Security › should not allow access to protected routes without JWT" classname="tests/02-siwe-authentication.spec.ts" time="1.421">
</testcase>
</testsuite>
<testsuite name="tests/03-api-key-management.spec.ts" timestamp="2025-11-01T10:37:16.484Z" hostname="chromium" tests="20" failures="8" skipped="0" time="103.322" errors="0">
<testcase name="API Key Management - Dashboard › should display API Keys navigation link when authenticated" classname="tests/03-api-key-management.spec.ts" time="1.377">
</testcase>
<testcase name="API Key Management - Dashboard › should navigate to API Keys page" classname="tests/03-api-key-management.spec.ts" time="10.995">
<failure message="03-api-key-management.spec.ts:32:3 should navigate to API Keys page" type="FAILURE">
<![CDATA[  [chromium] › tests/03-api-key-management.spec.ts:32:3 › API Key Management - Dashboard › should navigate to API Keys page 

    Error: expect(locator).toBeVisible() failed

    Locator: getByRole('heading', { name: /^api keys$/i })
    Expected: visible
    Timeout: 8000ms
    Error: element(s) not found

    Call log:
      - Expect "toBeVisible" with timeout 8000ms
      - waiting for getByRole('heading', { name: /^api keys$/i })


      43 |     // Page should have the main heading "API Keys"
      44 |     const heading = page.getByRole('heading', { name: /^api keys$/i });
    > 45 |     await expect(heading).toBeVisible({ timeout: 8000 });
         |                           ^
      46 |   });
      47 |
      48 |   test('should display empty state when no API keys exist', async ({ page, context }) => {
        at /Users/danwilliams/Documents/web3/gatekeeper/web/tests/e2e/tests/03-api-key-management.spec.ts:45:27

    attachment #1: screenshot (image/png) ──────────────────────────────────────────────────────────
    ../../test-results/tests-03-api-key-managemen-7c019-d-navigate-to-API-Keys-page-chromium/test-failed-1.png
    ────────────────────────────────────────────────────────────────────────────────────────────────

    attachment #2: video (video/webm) ──────────────────────────────────────────────────────────────
    ../../test-results/tests-03-api-key-managemen-7c019-d-navigate-to-API-Keys-page-chromium/video.webm
    ────────────────────────────────────────────────────────────────────────────────────────────────

    Error Context: ../../test-results/tests-03-api-key-managemen-7c019-d-navigate-to-API-Keys-page-chromium/error-context.md
]]>
</failure>
<system-out>
<![CDATA[
[[ATTACHMENT|tests-03-api-key-managemen-7c019-d-navigate-to-API-Keys-page-chromium/test-failed-1.png]]

[[ATTACHMENT|tests-03-api-key-managemen-7c019-d-navigate-to-API-Keys-page-chromium/video.webm]]

[[ATTACHMENT|tests-03-api-key-managemen-7c019-d-navigate-to-API-Keys-page-chromium/error-context.md]]
]]>
</system-out>
</testcase>
<testcase name="API Key Management - Dashboard › should display empty state when no API keys exist" classname="tests/03-api-key-management.spec.ts" time="11.02">
<failure message="03-api-key-management.spec.ts:48:3 should display empty state when no API keys exist" type="FAILURE">
<![CDATA[  [chromium] › tests/03-api-key-management.spec.ts:48:3 › API Key Management - Dashboard › should display empty state when no API keys exist 

    Error: expect(locator).toBeVisible() failed

    Locator: getByText(/no.*api.*keys|create.*first.*key|get.*started/i).or(getByRole('button', { name: /create.*api.*key|new.*key/i }).first())
    Expected: visible
    Timeout: 8000ms
    Error: element(s) not found

    Call log:
      - Expect "toBeVisible" with timeout 8000ms
      - waiting for getByText(/no.*api.*keys|create.*first.*key|get.*started/i).or(getByRole('button', { name: /create.*api.*key|new.*key/i }).first())


      59 |
      60 |     // Either empty state or create button should be visible
    > 61 |     await expect(emptyState.or(createButton)).toBeVisible({ timeout: 8000 });
         |                                               ^
      62 |   });
      63 | });
      64 |
        at /Users/danwilliams/Documents/web3/gatekeeper/web/tests/e2e/tests/03-api-key-management.spec.ts:61:47

    attachment #1: screenshot (image/png) ──────────────────────────────────────────────────────────
    ../../test-results/tests-03-api-key-managemen-cd828-tate-when-no-API-keys-exist-chromium/test-failed-1.png
    ────────────────────────────────────────────────────────────────────────────────────────────────

    attachment #2: video (video/webm) ──────────────────────────────────────────────────────────────
    ../../test-results/tests-03-api-key-managemen-cd828-tate-when-no-API-keys-exist-chromium/video.webm
    ────────────────────────────────────────────────────────────────────────────────────────────────

    Error Context: ../../test-results/tests-03-api-key-managemen-cd828-tate-when-no-API-keys-exist-chromium/error-context.md
]]>
</failure>
<system-out>
<![CDATA[
[[ATTACHMENT|tests-03-api-key-managemen-cd828-tate-when-no-API-keys-exist-chromium/test-failed-1.png]]

[[ATTACHMENT|tests-03-api-key-managemen-cd828-tate-when-no-API-keys-exist-chromium/video.webm]]

[[ATTACHMENT|tests-03-api-key-managemen-cd828-tate-when-no-API-keys-exist-chromium/error-context.md]]
]]>
</system-out>
</testcase>
<testcase name="API Key Management - Creation Flow › should open create API key modal/form" classname="tests/03-api-key-management.spec.ts" time="11.251">
<failure message="03-api-key-management.spec.ts:66:3 should open create API key modal/form" type="FAILURE">
<![CDATA[  [chromium] › tests/03-api-key-management.spec.ts:66:3 › API Key Management - Creation Flow › should open create API key modal/form 

    Error: expect(locator).toBeVisible() failed

    Locator: getByTestId('toggle-create-form-button')
    Expected: visible
    Timeout: 8000ms
    Error: element(s) not found

    Call log:
      - Expect "toBeVisible" with timeout 8000ms
      - waiting for getByTestId('toggle-create-form-button')


      71 |     // Click create API key button
      72 |     const createButton = page.getByTestId('toggle-create-form-button');
    > 73 |     await expect(createButton).toBeVisible({ timeout: 8000 });
         |                                ^
      74 |     await createButton.click();
      75 |
      76 |     // Verify form appears
        at /Users/danwilliams/Documents/web3/gatekeeper/web/tests/e2e/tests/03-api-key-management.spec.ts:73:32

    attachment #1: screenshot (image/png) ──────────────────────────────────────────────────────────
    ../../test-results/tests-03-api-key-managemen-c8809-n-create-API-key-modal-form-chromium/test-failed-1.png
    ────────────────────────────────────────────────────────────────────────────────────────────────

    attachment #2: video (video/webm) ──────────────────────────────────────────────────────────────
    ../../test-results/tests-03-api-key-managemen-c8809-n-create-API-key-modal-form-chromium/video.webm
    ────────────────────────────────────────────────────────────────────────────────────────────────

    Error Context: ../../test-results/tests-03-api-key-managemen-c8809-n-create-API-key-modal-form-chromium/error-context.md
]]>
</failure>
<system-out>
<![CDATA[
[[ATTACHMENT|tests-03-api-key-managemen-c8809-n-create-API-key-modal-form-chromium/test-failed-1.png]]

[[ATTACHMENT|tests-03-api-key-managemen-c8809-n-create-API-key-modal-form-chromium/video.webm]]

[[ATTACHMENT|tests-03-api-key-managemen-c8809-n-create-API-key-modal-form-chromium/error-context.md]]
]]>
</system-out>
</testcase>
<testcase name="API Key Management - Creation Flow › should require API key name" classname="tests/03-api-key-management.spec.ts" time="11.119">
<failure message="03-api-key-management.spec.ts:80:3 should require API key name" type="FAILURE">
<![CDATA[  [chromium] › tests/03-api-key-management.spec.ts:80:3 › API Key Management - Creation Flow › should require API key name 

    Error: expect(locator).toBeVisible() failed

    Locator: getByTestId('toggle-create-form-button')
    Expected: visible
    Timeout: 8000ms
    Error: element(s) not found

    Call log:
      - Expect "toBeVisible" with timeout 8000ms
      - waiting for getByTestId('toggle-create-form-button')


      85 |     // Click create API key button
      86 |     const createButton = page.getByTestId('toggle-create-form-button');
    > 87 |     await expect(createButton).toBeVisible({ timeout: 8000 });
         |                                ^
      88 |     await createButton.click();
      89 |
      90 |     // Form should have name input
        at /Users/danwilliams/Documents/web3/gatekeeper/web/tests/e2e/tests/03-api-key-management.spec.ts:87:32

    attachment #1: screenshot (image/png) ──────────────────────────────────────────────────────────
    ../../test-results/tests-03-api-key-managemen-11ef2-should-require-API-key-name-chromium/test-failed-1.png
    ────────────────────────────────────────────────────────────────────────────────────────────────

    attachment #2: video (video/webm) ──────────────────────────────────────────────────────────────
    ../../test-results/tests-03-api-key-managemen-11ef2-should-require-API-key-name-chromium/video.webm
    ────────────────────────────────────────────────────────────────────────────────────────────────

    Error Context: ../../test-results/tests-03-api-key-managemen-11ef2-should-require-API-key-name-chromium/error-context.md
]]>
</failure>
<system-out>
<![CDATA[
[[ATTACHMENT|tests-03-api-key-managemen-11ef2-should-require-API-key-name-chromium/test-failed-1.png]]

[[ATTACHMENT|tests-03-api-key-managemen-11ef2-should-require-API-key-name-chromium/video.webm]]

[[ATTACHMENT|tests-03-api-key-managemen-11ef2-should-require-API-key-name-chromium/error-context.md]]
]]>
</system-out>
</testcase>
<testcase name="API Key Management - Creation Flow › should allow setting API key name" classname="tests/03-api-key-management.spec.ts" time="11.11">
<failure message="03-api-key-management.spec.ts:99:3 should allow setting API key name" type="FAILURE">
<![CDATA[  [chromium] › tests/03-api-key-management.spec.ts:99:3 › API Key Management - Creation Flow › should allow setting API key name 

    Error: expect(locator).toBeVisible() failed

    Locator: getByTestId('toggle-create-form-button')
    Expected: visible
    Timeout: 8000ms
    Error: element(s) not found

    Call log:
      - Expect "toBeVisible" with timeout 8000ms
      - waiting for getByTestId('toggle-create-form-button')


      104 |     // Click create API key button
      105 |     const createButton = page.getByTestId('toggle-create-form-button');
    > 106 |     await expect(createButton).toBeVisible({ timeout: 8000 });
          |                                ^
      107 |     await createButton.click();
      108 |
      109 |     // Fill in name
        at /Users/danwilliams/Documents/web3/gatekeeper/web/tests/e2e/tests/03-api-key-management.spec.ts:106:32

    attachment #1: screenshot (image/png) ──────────────────────────────────────────────────────────
    ../../test-results/tests-03-api-key-managemen-2dcaa--allow-setting-API-key-name-chromium/test-failed-1.png
    ────────────────────────────────────────────────────────────────────────────────────────────────

    attachment #2: video (video/webm) ──────────────────────────────────────────────────────────────
    ../../test-results/tests-03-api-key-managemen-2dcaa--allow-setting-API-key-name-chromium/video.webm
    ────────────────────────────────────────────────────────────────────────────────────────────────

    Error Context: ../../test-results/tests-03-api-key-managemen-2dcaa--allow-setting-API-key-name-chromium/error-context.md
]]>
</failure>
<system-out>
<![CDATA[
[[ATTACHMENT|tests-03-api-key-managemen-2dcaa--allow-setting-API-key-name-chromium/test-failed-1.png]]

[[ATTACHMENT|tests-03-api-key-managemen-2dcaa--allow-setting-API-key-name-chromium/video.webm]]

[[ATTACHMENT|tests-03-api-key-managemen-2dcaa--allow-setting-API-key-name-chromium/error-context.md]]
]]>
</system-out>
</testcase>
<testcase name="API Key Management - Creation Flow › should display scope/permission options" classname="tests/03-api-key-management.spec.ts" time="11.307">
<failure message="03-api-key-management.spec.ts:118:3 should display scope/permission options" type="FAILURE">
<![CDATA[  [chromium] › tests/03-api-key-management.spec.ts:118:3 › API Key Management - Creation Flow › should display scope/permission options 

    Error: expect(locator).toBeVisible() failed

    Locator: getByTestId('toggle-create-form-button')
    Expected: visible
    Timeout: 8000ms
    Error: element(s) not found

    Call log:
      - Expect "toBeVisible" with timeout 8000ms
      - waiting for getByTestId('toggle-create-form-button')


      123 |     // Click create API key button
      124 |     const createButton = page.getByTestId('toggle-create-form-button');
    > 125 |     await expect(createButton).toBeVisible({ timeout: 8000 });
          |                                ^
      126 |     await createButton.click();
      127 |
      128 |     // Scopes input should be visible
        at /Users/danwilliams/Documents/web3/gatekeeper/web/tests/e2e/tests/03-api-key-management.spec.ts:125:32

    attachment #1: screenshot (image/png) ──────────────────────────────────────────────────────────
    ../../test-results/tests-03-api-key-managemen-796b0-ay-scope-permission-options-chromium/test-failed-1.png
    ────────────────────────────────────────────────────────────────────────────────────────────────

    attachment #2: video (video/webm) ──────────────────────────────────────────────────────────────
    ../../test-results/tests-03-api-key-managemen-796b0-ay-scope-permission-options-chromium/video.webm
    ────────────────────────────────────────────────────────────────────────────────────────────────

    Error Context: ../../test-results/tests-03-api-key-managemen-796b0-ay-scope-permission-options-chromium/error-context.md
]]>
</failure>
<system-out>
<![CDATA[
[[ATTACHMENT|tests-03-api-key-managemen-796b0-ay-scope-permission-options-chromium/test-failed-1.png]]

[[ATTACHMENT|tests-03-api-key-managemen-796b0-ay-scope-permission-options-chromium/video.webm]]

[[ATTACHMENT|tests-03-api-key-managemen-796b0-ay-scope-permission-options-chromium/error-context.md]]
]]>
</system-out>
</testcase>
<testcase name="API Key Management - Creation Flow › should allow selecting multiple scopes" classname="tests/03-api-key-management.spec.ts" time="11.276">
<failure message="03-api-key-management.spec.ts:133:3 should allow selecting multiple scopes" type="FAILURE">
<![CDATA[  [chromium] › tests/03-api-key-management.spec.ts:133:3 › API Key Management - Creation Flow › should allow selecting multiple scopes 

    Error: expect(locator).toBeVisible() failed

    Locator: getByTestId('toggle-create-form-button')
    Expected: visible
    Timeout: 8000ms
    Error: element(s) not found

    Call log:
      - Expect "toBeVisible" with timeout 8000ms
      - waiting for getByTestId('toggle-create-form-button')


      138 |     // Click create API key button
      139 |     const createButton = page.getByTestId('toggle-create-form-button');
    > 140 |     await expect(createButton).toBeVisible({ timeout: 8000 });
          |                                ^
      141 |     await createButton.click();
      142 |
      143 |     // Fill scopes input with multiple scopes
        at /Users/danwilliams/Documents/web3/gatekeeper/web/tests/e2e/tests/03-api-key-management.spec.ts:140:32

    attachment #1: screenshot (image/png) ──────────────────────────────────────────────────────────
    ../../test-results/tests-03-api-key-managemen-c02ec-w-selecting-multiple-scopes-chromium/test-failed-1.png
    ────────────────────────────────────────────────────────────────────────────────────────────────

    attachment #2: video (video/webm) ──────────────────────────────────────────────────────────────
    ../../test-results/tests-03-api-key-managemen-c02ec-w-selecting-multiple-scopes-chromium/video.webm
    ────────────────────────────────────────────────────────────────────────────────────────────────

    Error Context: ../../test-results/tests-03-api-key-managemen-c02ec-w-selecting-multiple-scopes-chromium/error-context.md
]]>
</failure>
<system-out>
<![CDATA[
[[ATTACHMENT|tests-03-api-key-managemen-c02ec-w-selecting-multiple-scopes-chromium/test-failed-1.png]]

[[ATTACHMENT|tests-03-api-key-managemen-c02ec-w-selecting-multiple-scopes-chromium/video.webm]]

[[ATTACHMENT|tests-03-api-key-managemen-c02ec-w-selecting-multiple-scopes-chromium/error-context.md]]
]]>
</system-out>
</testcase>
<testcase name="API Key Management - Creation Flow › should validate API key name length" classname="tests/03-api-key-management.spec.ts" time="11.109">
<failure message="03-api-key-management.spec.ts:152:3 should validate API key name length" type="FAILURE">
<![CDATA[  [chromium] › tests/03-api-key-management.spec.ts:152:3 › API Key Management - Creation Flow › should validate API key name length 

    Error: expect(locator).toBeVisible() failed

    Locator: getByTestId('toggle-create-form-button')
    Expected: visible
    Timeout: 8000ms
    Error: element(s) not found

    Call log:
      - Expect "toBeVisible" with timeout 8000ms
      - waiting for getByTestId('toggle-create-form-button')


      157 |     // Click create API key button
      158 |     const createButton = page.getByTestId('toggle-create-form-button');
    > 159 |     await expect(createButton).toBeVisible({ timeout: 8000 });
          |                                ^
      160 |     await createButton.click();
      161 |
      162 |     // Try very long name
        at /Users/danwilliams/Documents/web3/gatekeeper/web/tests/e2e/tests/03-api-key-management.spec.ts:159:32

    attachment #1: screenshot (image/png) ──────────────────────────────────────────────────────────
    ../../test-results/tests-03-api-key-managemen-d9b60-alidate-API-key-name-length-chromium/test-failed-1.png
    ────────────────────────────────────────────────────────────────────────────────────────────────

    attachment #2: video (video/webm) ──────────────────────────────────────────────────────────────
    ../../test-results/tests-03-api-key-managemen-d9b60-alidate-API-key-name-length-chromium/video.webm
    ────────────────────────────────────────────────────────────────────────────────────────────────

    Error Context: ../../test-results/tests-03-api-key-managemen-d9b60-alidate-API-key-name-length-chromium/error-context.md
]]>
</failure>
<system-out>
<![CDATA[
[[ATTACHMENT|tests-03-api-key-managemen-d9b60-alidate-API-key-name-length-chromium/test-failed-1.png]]

[[ATTACHMENT|tests-03-api-key-managemen-d9b60-alidate-API-key-name-length-chromium/video.webm]]

[[ATTACHMENT|tests-03-api-key-managemen-d9b60-alidate-API-key-name-length-chromium/error-context.md]]
]]>
</system-out>
</testcase>
<testcase name="API Key Management - Creation Flow › should display generated API key after creation" classname="tests/03-api-key-management.spec.ts" time="0.176">
</testcase>
<testcase name="API Key Management - Creation Flow › should provide copy-to-clipboard for new API key" classname="tests/03-api-key-management.spec.ts" time="0.125">
</testcase>
<testcase name="API Key Management - Listing &amp; Display › should display existing API keys in a table/list" classname="tests/03-api-key-management.spec.ts" time="2.172">
</testcase>
<testcase name="API Key Management - Listing &amp; Display › should show API key metadata (name, created date, scopes)" classname="tests/03-api-key-management.spec.ts" time="0.111">
</testcase>
<testcase name="API Key Management - Listing &amp; Display › should mask API key values in listing" classname="tests/03-api-key-management.spec.ts" time="1.156">
</testcase>
<testcase name="API Key Management - Listing &amp; Display › should display scopes as badges/tags" classname="tests/03-api-key-management.spec.ts" time="1.126">
</testcase>
<testcase name="API Key Management - Revocation › should show revoke/delete button for each API key" classname="tests/03-api-key-management.spec.ts" time="2.158">
</testcase>
<testcase name="API Key Management - Revocation › should show confirmation dialog before revoking key" classname="tests/03-api-key-management.spec.ts" time="1.166">
</testcase>
<testcase name="API Key Management - Revocation › should allow canceling revocation" classname="tests/03-api-key-management.spec.ts" time="1.175">
</testcase>
<testcase name="API Key Management - Permissions › should not allow non-authenticated users to access API keys page" classname="tests/03-api-key-management.spec.ts" time="2.182">
</testcase>
<testcase name="API Key Management - Permissions › should display API key count/usage statistics" classname="tests/03-api-key-management.spec.ts" time="1.211">
</testcase>
</testsuite>
<testsuite name="tests/04-complete-journey.spec.ts" timestamp="2025-11-01T10:37:16.484Z" hostname="chromium" tests="16" failures="0" skipped="4" time="28.025" errors="0">
<testcase name="Complete User Journey - New User Flow › should complete full journey: Connect → Sign → Create API Key" classname="tests/04-complete-journey.spec.ts" time="0">
<properties>
<property name="skip" value="">
</property>
</properties>
<skipped>
</skipped>
</testcase>
<testcase name="Complete User Journey - New User Flow › should persist authentication across multiple page navigations" classname="tests/04-complete-journey.spec.ts" time="0">
<properties>
<property name="skip" value="">
</property>
</properties>
<skipped>
</skipped>
</testcase>
<testcase name="Complete User Journey - New User Flow › should handle browser refresh while authenticated" classname="tests/04-complete-journey.spec.ts" time="2.722">
</testcase>
<testcase name="Complete User Journey - Returning User Flow › should auto-authenticate returning user with valid token" classname="tests/04-complete-journey.spec.ts" time="0">
<properties>
<property name="skip" value="">
</property>
</properties>
<skipped>
</skipped>
</testcase>
<testcase name="Complete User Journey - Returning User Flow › should prompt re-authentication if token is expired" classname="tests/04-complete-journey.spec.ts" time="3.006">
</testcase>
<testcase name="Complete User Journey - Logout Flow › should complete logout and clear all auth state" classname="tests/04-complete-journey.spec.ts" time="2.574">
</testcase>
<testcase name="Complete User Journey - Logout Flow › should redirect to home after logout from protected page" classname="tests/04-complete-journey.spec.ts" time="3.082">
</testcase>
<testcase name="Complete User Journey - Navigation › should navigate between all main sections when authenticated" classname="tests/04-complete-journey.spec.ts" time="4.629">
</testcase>
<testcase name="Complete User Journey - Navigation › should show active navigation state for current page" classname="tests/04-complete-journey.spec.ts" time="2.011">
</testcase>
<testcase name="Complete User Journey - Error Handling › should handle network errors gracefully" classname="tests/04-complete-journey.spec.ts" time="1.542">
</testcase>
<testcase name="Complete User Journey - Error Handling › should handle invalid JWT token gracefully" classname="tests/04-complete-journey.spec.ts" time="1.401">
</testcase>
<testcase name="Complete User Journey - Error Handling › should handle missing localStorage gracefully" classname="tests/04-complete-journey.spec.ts" time="1.424">
</testcase>
<testcase name="Complete User Journey - Mobile Experience › should complete full journey on mobile viewport" classname="tests/04-complete-journey.spec.ts" time="2.466">
</testcase>
<testcase name="Complete User Journey - Mobile Experience › should handle mobile wallet connection" classname="tests/04-complete-journey.spec.ts" time="0">
<properties>
<property name="skip" value="">
</property>
</properties>
<skipped>
</skipped>
</testcase>
<testcase name="Complete User Journey - Performance › should load homepage within acceptable time" classname="tests/04-complete-journey.spec.ts" time="1.328">
</testcase>
<testcase name="Complete User Journey - Performance › should handle rapid navigation without errors" classname="tests/04-complete-journey.spec.ts" time="1.84">
</testcase>
</testsuite>
</testsuites>