<testsuites id="" name="" tests="62" failures="27" skipped="0" errors="0" time="124.155461">
<testsuite name="tests/01-wallet-connection.spec.ts" timestamp="2025-11-01T07:32:01.989Z" hostname="chromium" tests="12" failures="4" skipped="0" time="107.194" errors="0">
<testcase name="Wallet Connection Flow › should display wallet connection button on homepage" classname="tests/01-wallet-connection.spec.ts" time="1.528">
</testcase>
<testcase name="Wallet Connection Flow › should show RainbowKit modal when connect button is clicked" classname="tests/01-wallet-connection.spec.ts" time="1.496">
</testcase>
<testcase name="Wallet Connection Flow › should display wallet provider options in modal" classname="tests/01-wallet-connection.spec.ts" time="1.546">
</testcase>
<testcase name="Wallet Connection Flow › should close modal when cancel/close button is clicked" classname="tests/01-wallet-connection.spec.ts" time="30.073">
<failure message="01-wallet-connection.spec.ts:45:3 should close modal when cancel/close button is clicked" type="FAILURE">
<![CDATA[  [chromium] › tests/01-wallet-connection.spec.ts:45:3 › Wallet Connection Flow › should close modal when cancel/close button is clicked 

    Test timeout of 30000ms exceeded.

    Error: locator.click: Test timeout of 30000ms exceeded.
    Call log:
      - waiting for locator('[data-rk] button').first()
        - locator resolved to <button aria-label="Toggle dark mode" class="p-2 text-gray-600 dark:text-gray-400 hover:text-gray-900 dark:hover:text-white rounded-lg hover:bg-gray-100 dark:hover:bg-gray-700">…</button>
      - attempting click action
        2 × waiting for element to be visible, enabled and stable
          - element is visible, enabled and stable
          - scrolling into view if needed
          - done scrolling
          - <div data-rk="" role="dialog" aria-modal="true" aria-labelledby="rk_connect_title" class="iekbcc0 ju367v4 ju367v8q _9pm4ki3 ju367v9h ju367vb3 ju367va ju367v2q ju367v8q">…</div> from <div>…</div> subtree intercepts pointer events
        - retrying click action
        - waiting 20ms
        2 × waiting for element to be visible, enabled and stable
          - element is visible, enabled and stable
          - scrolling into view if needed
          - done scrolling
          - <div data-rk="" role="dialog" aria-modal="true" aria-labelledby="rk_connect_title" class="iekbcc0 ju367v4 ju367v8q _9pm4ki3 ju367v9h ju367vb3 ju367va ju367v2q ju367v8q">…</div> from <div>…</div> subtree intercepts pointer events
        - retrying click action
          - waiting 100ms
        55 × waiting for element to be visible, enabled and stable
           - element is visible, enabled and stable
           - scrolling into view if needed
           - done scrolling
           - <div data-rk="" role="dialog" aria-modal="true" aria-labelledby="rk_connect_title" class="iekbcc0 ju367v4 ju367v8q _9pm4ki3 ju367v9h ju367vb3 ju367va ju367v2q ju367v8q">…</div> from <div>…</div> subtree intercepts pointer events
         - retrying click action
           - waiting 500ms


      53 |     // Find and click close button (RainbowKit uses a close button)
      54 |     const closeButton = page.locator('[data-rk] button').first();
    > 55 |     await closeButton.click();
         |                       ^
      56 |
      57 |     // Verify modal is closed
      58 |     await expect(page.locator('[data-rk]').first()).not.toBeVisible();
        at /Users/danwilliams/Documents/web3/gatekeeper/web/tests/e2e/tests/01-wallet-connection.spec.ts:55:23

    attachment #1: screenshot (image/png) ──────────────────────────────────────────────────────────
    ../../test-results/tests-01-wallet-connection-a124a-cel-close-button-is-clicked-chromium/test-failed-1.png
    ────────────────────────────────────────────────────────────────────────────────────────────────

    attachment #2: video (video/webm) ──────────────────────────────────────────────────────────────
    ../../test-results/tests-01-wallet-connection-a124a-cel-close-button-is-clicked-chromium/video.webm
    ────────────────────────────────────────────────────────────────────────────────────────────────

    Error Context: ../../test-results/tests-01-wallet-connection-a124a-cel-close-button-is-clicked-chromium/error-context.md
]]>
</failure>
<system-out>
<![CDATA[
[[ATTACHMENT|tests-01-wallet-connection-a124a-cel-close-button-is-clicked-chromium/test-failed-1.png]]

[[ATTACHMENT|tests-01-wallet-connection-a124a-cel-close-button-is-clicked-chromium/video.webm]]

[[ATTACHMENT|tests-01-wallet-connection-a124a-cel-close-button-is-clicked-chromium/error-context.md]]
]]>
</system-out>
</testcase>
<testcase name="Wallet Connection Flow › should handle no wallet provider gracefully" classname="tests/01-wallet-connection.spec.ts" time="0.898">
</testcase>
<testcase name="Wallet Connection Flow › should persist wallet connection state in localStorage" classname="tests/01-wallet-connection.spec.ts" time="2.019">
</testcase>
<testcase name="Wallet Connection Flow › should display proper loading state during connection" classname="tests/01-wallet-connection.spec.ts" time="0.98">
</testcase>
<testcase name="Wallet Connection Flow › should show network selection in wallet modal" classname="tests/01-wallet-connection.spec.ts" time="0.711">
</testcase>
<testcase name="Wallet Connection Flow › should display wallet address in shortened format when connected" classname="tests/01-wallet-connection.spec.ts" time="1.616">
</testcase>
<testcase name="Wallet Connection Flow › should handle connection rejection by user" classname="tests/01-wallet-connection.spec.ts" time="30.077">
<failure message="01-wallet-connection.spec.ts:126:3 should handle connection rejection by user" type="FAILURE">
<![CDATA[  [chromium] › tests/01-wallet-connection.spec.ts:126:3 › Wallet Connection Flow › should handle connection rejection by user 

    Test timeout of 30000ms exceeded.

    Error: locator.click: Test timeout of 30000ms exceeded.
    Call log:
      - waiting for locator('[data-rk] button').first()
        - locator resolved to <button aria-label="Toggle dark mode" class="p-2 text-gray-600 dark:text-gray-400 hover:text-gray-900 dark:hover:text-white rounded-lg hover:bg-gray-100 dark:hover:bg-gray-700">…</button>
      - attempting click action
        2 × waiting for element to be visible, enabled and stable
          - element is visible, enabled and stable
          - scrolling into view if needed
          - done scrolling
          - <div data-rk="" role="dialog" aria-modal="true" aria-labelledby="rk_connect_title" class="iekbcc0 ju367v4 ju367v8q _9pm4ki3 ju367v9h ju367vb3 ju367va ju367v2q ju367v8q">…</div> from <div>…</div> subtree intercepts pointer events
        - retrying click action
        - waiting 20ms
        2 × waiting for element to be visible, enabled and stable
          - element is visible, enabled and stable
          - scrolling into view if needed
          - done scrolling
          - <div data-rk="" role="dialog" aria-modal="true" aria-labelledby="rk_connect_title" class="iekbcc0 ju367v4 ju367v8q _9pm4ki3 ju367v9h ju367vb3 ju367va ju367v2q ju367v8q">…</div> from <div>…</div> subtree intercepts pointer events
        - retrying click action
          - waiting 100ms
        57 × waiting for element to be visible, enabled and stable
           - element is visible, enabled and stable
           - scrolling into view if needed
           - done scrolling
           - <div data-rk="" role="dialog" aria-modal="true" aria-labelledby="rk_connect_title" class="iekbcc0 ju367v4 ju367v8q _9pm4ki3 ju367v9h ju367vb3 ju367va ju367v2q ju367v8q">…</div> from <div>…</div> subtree intercepts pointer events
         - retrying click action
           - waiting 500ms


      134 |     // Close the modal to simulate rejection
      135 |     const closeButton = page.locator('[data-rk] button').first();
    > 136 |     await closeButton.click();
          |                       ^
      137 |
      138 |     // Verify user remains on homepage and connect button is still visible
      139 |     await expect(page.getByTestId('rk-connect-button').first()).toBeVisible();
        at /Users/danwilliams/Documents/web3/gatekeeper/web/tests/e2e/tests/01-wallet-connection.spec.ts:136:23

    attachment #1: screenshot (image/png) ──────────────────────────────────────────────────────────
    ../../test-results/tests-01-wallet-connection-31af0-onnection-rejection-by-user-chromium/test-failed-1.png
    ────────────────────────────────────────────────────────────────────────────────────────────────

    attachment #2: video (video/webm) ──────────────────────────────────────────────────────────────
    ../../test-results/tests-01-wallet-connection-31af0-onnection-rejection-by-user-chromium/video.webm
    ────────────────────────────────────────────────────────────────────────────────────────────────

    Error Context: ../../test-results/tests-01-wallet-connection-31af0-onnection-rejection-by-user-chromium/error-context.md
]]>
</failure>
<system-out>
<![CDATA[
[[ATTACHMENT|tests-01-wallet-connection-31af0-onnection-rejection-by-user-chromium/test-failed-1.png]]

[[ATTACHMENT|tests-01-wallet-connection-31af0-onnection-rejection-by-user-chromium/video.webm]]

[[ATTACHMENT|tests-01-wallet-connection-31af0-onnection-rejection-by-user-chromium/error-context.md]]
]]>
</system-out>
</testcase>
<testcase name="Wallet Connection - Responsive Design › should display wallet connection on mobile viewport" classname="tests/01-wallet-connection.spec.ts" time="5.516">
<failure message="01-wallet-connection.spec.ts:144:3 should display wallet connection on mobile viewport" type="FAILURE">
<![CDATA[  [chromium] › tests/01-wallet-connection.spec.ts:144:3 › Wallet Connection - Responsive Design › should display wallet connection on mobile viewport 

    Error: expect(locator).toBeVisible() failed

    Locator:  getByTestId('rk-connect-button').first()
    Expected: visible
    Received: hidden
    Timeout:  5000ms

    Call log:
      - Expect "toBeVisible" with timeout 5000ms
      - waiting for getByTestId('rk-connect-button').first()
        9 × locator resolved to <button type="button" data-testid="rk-connect-button" class="iekbcc0 iekbcc9 ju367v78 ju367v7t ju367v9i ju367vn ju367vei ju367vf3 ju367v16 ju367v1h ju367v2g ju367v8u _12cbo8i3 ju367v8r _12cbo8i4 _12cbo8i6">Connect Wallet</button>
          - unexpected value "hidden"


      149 |     // Verify connect button is visible on mobile
      150 |     const connectButton = page.getByTestId('rk-connect-button').first();
    > 151 |     await expect(connectButton).toBeVisible();
          |                                 ^
      152 |   });
      153 |
      154 |   test('should open mobile-optimized wallet modal', async ({ page }) => {
        at /Users/danwilliams/Documents/web3/gatekeeper/web/tests/e2e/tests/01-wallet-connection.spec.ts:151:33

    attachment #1: screenshot (image/png) ──────────────────────────────────────────────────────────
    ../../test-results/tests-01-wallet-connection-b0507-nnection-on-mobile-viewport-chromium/test-failed-1.png
    ────────────────────────────────────────────────────────────────────────────────────────────────

    attachment #2: video (video/webm) ──────────────────────────────────────────────────────────────
    ../../test-results/tests-01-wallet-connection-b0507-nnection-on-mobile-viewport-chromium/video.webm
    ────────────────────────────────────────────────────────────────────────────────────────────────

    Error Context: ../../test-results/tests-01-wallet-connection-b0507-nnection-on-mobile-viewport-chromium/error-context.md
]]>
</failure>
<system-out>
<![CDATA[
[[ATTACHMENT|tests-01-wallet-connection-b0507-nnection-on-mobile-viewport-chromium/test-failed-1.png]]

[[ATTACHMENT|tests-01-wallet-connection-b0507-nnection-on-mobile-viewport-chromium/video.webm]]

[[ATTACHMENT|tests-01-wallet-connection-b0507-nnection-on-mobile-viewport-chromium/error-context.md]]
]]>
</system-out>
</testcase>
<testcase name="Wallet Connection - Responsive Design › should open mobile-optimized wallet modal" classname="tests/01-wallet-connection.spec.ts" time="30.734">
<failure message="01-wallet-connection.spec.ts:154:3 should open mobile-optimized wallet modal" type="FAILURE">
<![CDATA[  [chromium] › tests/01-wallet-connection.spec.ts:154:3 › Wallet Connection - Responsive Design › should open mobile-optimized wallet modal 

    Test timeout of 30000ms exceeded.

    Error: locator.click: Test timeout of 30000ms exceeded.
    Call log:
      - waiting for getByTestId('rk-connect-button').first()
        - locator resolved to <button type="button" data-testid="rk-connect-button" class="iekbcc0 iekbcc9 ju367v78 ju367v7t ju367v9i ju367vn ju367vei ju367vf3 ju367v16 ju367v1h ju367v2g ju367v8u _12cbo8i3 ju367v8r _12cbo8i4 _12cbo8i6">Connect Wallet</button>
      - attempting click action
        2 × waiting for element to be visible, enabled and stable
          - element is not visible
        - retrying click action
        - waiting 20ms
        2 × waiting for element to be visible, enabled and stable
          - element is not visible
        - retrying click action
          - waiting 100ms
        57 × waiting for element to be visible, enabled and stable
           - element is not visible
         - retrying click action
           - waiting 500ms


      159 |     // Click connect wallet button
      160 |     const connectButton = page.getByTestId('rk-connect-button').first();
    > 161 |     await connectButton.click();
          |                         ^
      162 |
      163 |     // Verify RainbowKit mobile modal appears
      164 |     await expect(page.locator('[data-rk]').first()).toBeVisible({ timeout: 5000 });
        at /Users/danwilliams/Documents/web3/gatekeeper/web/tests/e2e/tests/01-wallet-connection.spec.ts:161:25

    attachment #1: screenshot (image/png) ──────────────────────────────────────────────────────────
    ../../test-results/tests-01-wallet-connection-34fbc-bile-optimized-wallet-modal-chromium/test-failed-1.png
    ────────────────────────────────────────────────────────────────────────────────────────────────

    attachment #2: video (video/webm) ──────────────────────────────────────────────────────────────
    ../../test-results/tests-01-wallet-connection-34fbc-bile-optimized-wallet-modal-chromium/video.webm
    ────────────────────────────────────────────────────────────────────────────────────────────────

    Error Context: ../../test-results/tests-01-wallet-connection-34fbc-bile-optimized-wallet-modal-chromium/error-context.md
]]>
</failure>
<system-out>
<![CDATA[
[[ATTACHMENT|tests-01-wallet-connection-34fbc-bile-optimized-wallet-modal-chromium/test-failed-1.png]]

[[ATTACHMENT|tests-01-wallet-connection-34fbc-bile-optimized-wallet-modal-chromium/video.webm]]

[[ATTACHMENT|tests-01-wallet-connection-34fbc-bile-optimized-wallet-modal-chromium/error-context.md]]
]]>
</system-out>
</testcase>
</testsuite>
<testsuite name="tests/02-siwe-authentication.spec.ts" timestamp="2025-11-01T07:32:01.989Z" hostname="chromium" tests="14" failures="7" skipped="0" time="31.428" errors="0">
<testcase name="SIWE Authentication Flow › should retrieve SIWE nonce from backend" classname="tests/02-siwe-authentication.spec.ts" time="0.576">
<failure message="02-siwe-authentication.spec.ts:17:3 should retrieve SIWE nonce from backend" type="FAILURE">
<![CDATA[  [chromium] › tests/02-siwe-authentication.spec.ts:17:3 › SIWE Authentication Flow › should retrieve SIWE nonce from backend 

    Error: expect(received).toBeTruthy()

    Received: false

      19 |     const response = await request.get('http://localhost:8080/api/v1/auth/nonce');
      20 |
    > 21 |     expect(response.ok()).toBeTruthy();
         |                           ^
      22 |     expect(response.status()).toBe(200);
      23 |
      24 |     const data = await response.json();
        at /Users/danwilliams/Documents/web3/gatekeeper/web/tests/e2e/tests/02-siwe-authentication.spec.ts:21:27

    attachment #1: screenshot (image/png) ──────────────────────────────────────────────────────────
    ../../test-results/tests-02-siwe-authenticati-5cf3a-eve-SIWE-nonce-from-backend-chromium/test-failed-1.png
    ────────────────────────────────────────────────────────────────────────────────────────────────

    attachment #2: video (video/webm) ──────────────────────────────────────────────────────────────
    ../../test-results/tests-02-siwe-authenticati-5cf3a-eve-SIWE-nonce-from-backend-chromium/video.webm
    ────────────────────────────────────────────────────────────────────────────────────────────────

    Error Context: ../../test-results/tests-02-siwe-authenticati-5cf3a-eve-SIWE-nonce-from-backend-chromium/error-context.md
]]>
</failure>
<system-out>
<![CDATA[
[[ATTACHMENT|tests-02-siwe-authenticati-5cf3a-eve-SIWE-nonce-from-backend-chromium/test-failed-1.png]]

[[ATTACHMENT|tests-02-siwe-authenticati-5cf3a-eve-SIWE-nonce-from-backend-chromium/video.webm]]

[[ATTACHMENT|tests-02-siwe-authenticati-5cf3a-eve-SIWE-nonce-from-backend-chromium/error-context.md]]
]]>
</system-out>
</testcase>
<testcase name="SIWE Authentication Flow › should display SIWE message after wallet connection" classname="tests/02-siwe-authentication.spec.ts" time="6.808">
<failure message="02-siwe-authentication.spec.ts:31:3 should display SIWE message after wallet connection" type="FAILURE">
<![CDATA[  [chromium] › tests/02-siwe-authentication.spec.ts:31:3 › SIWE Authentication Flow › should display SIWE message after wallet connection 

    Error: expect(locator).toBeVisible() failed

    Locator: getByRole('button', { name: /sign.*message|sign.*in/i })
    Expected: visible
    Timeout: 5000ms
    Error: element(s) not found

    Call log:
      - Expect "toBeVisible" with timeout 5000ms
      - waiting for getByRole('button', { name: /sign.*message|sign.*in/i })


      44 |
      45 |     // Button should be visible for connected but unauthenticated users
    > 46 |     await expect(signInButton).toBeVisible({ timeout: 5000 });
         |                                ^
      47 |   });
      48 |
      49 |   test('should generate valid SIWE message with correct fields', async ({ page, context }) => {
        at /Users/danwilliams/Documents/web3/gatekeeper/web/tests/e2e/tests/02-siwe-authentication.spec.ts:46:32

    attachment #1: screenshot (image/png) ──────────────────────────────────────────────────────────
    ../../test-results/tests-02-siwe-authenticati-3d28c-age-after-wallet-connection-chromium/test-failed-1.png
    ────────────────────────────────────────────────────────────────────────────────────────────────

    attachment #2: video (video/webm) ──────────────────────────────────────────────────────────────
    ../../test-results/tests-02-siwe-authenticati-3d28c-age-after-wallet-connection-chromium/video.webm
    ────────────────────────────────────────────────────────────────────────────────────────────────

    Error Context: ../../test-results/tests-02-siwe-authenticati-3d28c-age-after-wallet-connection-chromium/error-context.md
]]>
</failure>
<system-out>
<![CDATA[
[[ATTACHMENT|tests-02-siwe-authenticati-3d28c-age-after-wallet-connection-chromium/test-failed-1.png]]

[[ATTACHMENT|tests-02-siwe-authenticati-3d28c-age-after-wallet-connection-chromium/video.webm]]

[[ATTACHMENT|tests-02-siwe-authenticati-3d28c-age-after-wallet-connection-chromium/error-context.md]]
]]>
</system-out>
</testcase>
<testcase name="SIWE Authentication Flow › should generate valid SIWE message with correct fields" classname="tests/02-siwe-authentication.spec.ts" time="1.583">
</testcase>
<testcase name="SIWE Authentication Flow › should handle successful SIWE signature and receive JWT" classname="tests/02-siwe-authentication.spec.ts" time="1.513">
<failure message="02-siwe-authentication.spec.ts:73:3 should handle successful SIWE signature and receive JWT" type="FAILURE">
<![CDATA[  [chromium] › tests/02-siwe-authentication.spec.ts:73:3 › SIWE Authentication Flow › should handle successful SIWE signature and receive JWT 

    Error: expect(locator).toBeVisible() failed

    Locator: getByRole('link', { name: /dashboard/i })
    Expected: visible
    Error: strict mode violation: getByRole('link', { name: /dashboard/i }) resolved to 2 elements:
        1) <a href="/dashboard" class="text-gray-700 dark:text-gray-300 hover:text-primary-600 dark:hover:text-primary-400">Dashboard</a> aka getByRole('link', { name: 'Dashboard', exact: true })
        2) <a href="/dashboard">…</a> aka getByRole('link', { name: 'Go to Dashboard' })

    Call log:
      - Expect "toBeVisible" with timeout 5000ms
      - waiting for getByRole('link', { name: /dashboard/i })


      87 |     // Verify authenticated state - should see dashboard link
      88 |     const dashboardLink = page.getByRole('link', { name: /dashboard/i });
    > 89 |     await expect(dashboardLink).toBeVisible({ timeout: 5000 });
         |                                 ^
      90 |   });
      91 |
      92 |   test('should store JWT token in localStorage after authentication', async ({ page, context }) => {
        at /Users/danwilliams/Documents/web3/gatekeeper/web/tests/e2e/tests/02-siwe-authentication.spec.ts:89:33

    attachment #1: screenshot (image/png) ──────────────────────────────────────────────────────────
    ../../test-results/tests-02-siwe-authenticati-e97e0-E-signature-and-receive-JWT-chromium/test-failed-1.png
    ────────────────────────────────────────────────────────────────────────────────────────────────

    attachment #2: video (video/webm) ──────────────────────────────────────────────────────────────
    ../../test-results/tests-02-siwe-authenticati-e97e0-E-signature-and-receive-JWT-chromium/video.webm
    ────────────────────────────────────────────────────────────────────────────────────────────────

    Error Context: ../../test-results/tests-02-siwe-authenticati-e97e0-E-signature-and-receive-JWT-chromium/error-context.md
]]>
</failure>
<system-out>
<![CDATA[
[[ATTACHMENT|tests-02-siwe-authenticati-e97e0-E-signature-and-receive-JWT-chromium/test-failed-1.png]]

[[ATTACHMENT|tests-02-siwe-authenticati-e97e0-E-signature-and-receive-JWT-chromium/video.webm]]

[[ATTACHMENT|tests-02-siwe-authenticati-e97e0-E-signature-and-receive-JWT-chromium/error-context.md]]
]]>
</system-out>
</testcase>
<testcase name="SIWE Authentication Flow › should store JWT token in localStorage after authentication" classname="tests/02-siwe-authentication.spec.ts" time="0.613">
</testcase>
<testcase name="SIWE Authentication Flow › should handle signature rejection gracefully" classname="tests/02-siwe-authentication.spec.ts" time="6.64">
<failure message="02-siwe-authentication.spec.ts:107:3 should handle signature rejection gracefully" type="FAILURE">
<![CDATA[  [chromium] › tests/02-siwe-authentication.spec.ts:107:3 › SIWE Authentication Flow › should handle signature rejection gracefully 

    Error: expect(locator).toBeVisible() failed

    Locator: getByRole('button', { name: /sign.*message|sign.*in/i })
    Expected: visible
    Timeout: 5000ms
    Error: element(s) not found

    Call log:
      - Expect "toBeVisible" with timeout 5000ms
      - waiting for getByRole('button', { name: /sign.*message|sign.*in/i })


      118 |     // User should still be able to see the sign-in option
      119 |     const signInButton = page.getByRole('button', { name: /sign.*message|sign.*in/i });
    > 120 |     await expect(signInButton).toBeVisible({ timeout: 5000 });
          |                                ^
      121 |   });
      122 |
      123 |   test('should display error message on invalid signature', async ({ page, context, request }) => {
        at /Users/danwilliams/Documents/web3/gatekeeper/web/tests/e2e/tests/02-siwe-authentication.spec.ts:120:32

    attachment #1: screenshot (image/png) ──────────────────────────────────────────────────────────
    ../../test-results/tests-02-siwe-authenticati-3c2e2-nature-rejection-gracefully-chromium/test-failed-1.png
    ────────────────────────────────────────────────────────────────────────────────────────────────

    attachment #2: video (video/webm) ──────────────────────────────────────────────────────────────
    ../../test-results/tests-02-siwe-authenticati-3c2e2-nature-rejection-gracefully-chromium/video.webm
    ────────────────────────────────────────────────────────────────────────────────────────────────

    Error Context: ../../test-results/tests-02-siwe-authenticati-3c2e2-nature-rejection-gracefully-chromium/error-context.md
]]>
</failure>
<system-out>
<![CDATA[
[[ATTACHMENT|tests-02-siwe-authenticati-3c2e2-nature-rejection-gracefully-chromium/test-failed-1.png]]

[[ATTACHMENT|tests-02-siwe-authenticati-3c2e2-nature-rejection-gracefully-chromium/video.webm]]

[[ATTACHMENT|tests-02-siwe-authenticati-3c2e2-nature-rejection-gracefully-chromium/error-context.md]]
]]>
</system-out>
</testcase>
<testcase name="SIWE Authentication Flow › should display error message on invalid signature" classname="tests/02-siwe-authentication.spec.ts" time="0.582">
</testcase>
<testcase name="SIWE Authentication Flow › should persist authentication state across page refreshes" classname="tests/02-siwe-authentication.spec.ts" time="1.527">
<failure message="02-siwe-authentication.spec.ts:134:3 should persist authentication state across page refreshes" type="FAILURE">
<![CDATA[  [chromium] › tests/02-siwe-authentication.spec.ts:134:3 › SIWE Authentication Flow › should persist authentication state across page refreshes 

    Error: expect(locator).toBeVisible() failed

    Locator: getByRole('link', { name: /dashboard/i })
    Expected: visible
    Error: strict mode violation: getByRole('link', { name: /dashboard/i }) resolved to 2 elements:
        1) <a href="/dashboard" class="text-gray-700 dark:text-gray-300 hover:text-primary-600 dark:hover:text-primary-400">Dashboard</a> aka getByRole('link', { name: 'Dashboard', exact: true })
        2) <a href="/dashboard">…</a> aka getByRole('link', { name: 'Go to Dashboard' })

    Call log:
      - Expect "toBeVisible" with timeout 5000ms
      - waiting for getByRole('link', { name: /dashboard/i })


      148 |     // Verify authenticated features are visible
      149 |     const dashboardLink = page.getByRole('link', { name: /dashboard/i });
    > 150 |     await expect(dashboardLink).toBeVisible({ timeout: 5000 });
          |                                 ^
      151 |
      152 |     // Reload page
      153 |     await page.reload();
        at /Users/danwilliams/Documents/web3/gatekeeper/web/tests/e2e/tests/02-siwe-authentication.spec.ts:150:33

    attachment #1: screenshot (image/png) ──────────────────────────────────────────────────────────
    ../../test-results/tests-02-siwe-authenticati-22730-state-across-page-refreshes-chromium/test-failed-1.png
    ────────────────────────────────────────────────────────────────────────────────────────────────

    attachment #2: video (video/webm) ──────────────────────────────────────────────────────────────
    ../../test-results/tests-02-siwe-authenticati-22730-state-across-page-refreshes-chromium/video.webm
    ────────────────────────────────────────────────────────────────────────────────────────────────

    Error Context: ../../test-results/tests-02-siwe-authenticati-22730-state-across-page-refreshes-chromium/error-context.md
]]>
</failure>
<system-out>
<![CDATA[
[[ATTACHMENT|tests-02-siwe-authenticati-22730-state-across-page-refreshes-chromium/test-failed-1.png]]

[[ATTACHMENT|tests-02-siwe-authenticati-22730-state-across-page-refreshes-chromium/video.webm]]

[[ATTACHMENT|tests-02-siwe-authenticati-22730-state-across-page-refreshes-chromium/error-context.md]]
]]>
</system-out>
</testcase>
<testcase name="SIWE Authentication Flow › should handle token expiration" classname="tests/02-siwe-authentication.spec.ts" time="6.641">
<failure message="02-siwe-authentication.spec.ts:160:3 should handle token expiration" type="FAILURE">
<![CDATA[  [chromium] › tests/02-siwe-authentication.spec.ts:160:3 › SIWE Authentication Flow › should handle token expiration 

    Error: expect(locator).toBeVisible() failed

    Locator: getByRole('button', { name: /sign.*message|sign.*in/i })
    Expected: visible
    Timeout: 5000ms
    Error: element(s) not found

    Call log:
      - Expect "toBeVisible" with timeout 5000ms
      - waiting for getByRole('button', { name: /sign.*message|sign.*in/i })


      172 |     // Should prompt to sign in again
      173 |     const signInButton = page.getByRole('button', { name: /sign.*message|sign.*in/i });
    > 174 |     await expect(signInButton).toBeVisible({ timeout: 5000 });
          |                                ^
      175 |   });
      176 |
      177 |   test('should include chain ID in SIWE message', async ({ page, context }) => {
        at /Users/danwilliams/Documents/web3/gatekeeper/web/tests/e2e/tests/02-siwe-authentication.spec.ts:174:32

    attachment #1: screenshot (image/png) ──────────────────────────────────────────────────────────
    ../../test-results/tests-02-siwe-authenticati-31bc0-uld-handle-token-expiration-chromium/test-failed-1.png
    ────────────────────────────────────────────────────────────────────────────────────────────────

    attachment #2: video (video/webm) ──────────────────────────────────────────────────────────────
    ../../test-results/tests-02-siwe-authenticati-31bc0-uld-handle-token-expiration-chromium/video.webm
    ────────────────────────────────────────────────────────────────────────────────────────────────

    Error Context: ../../test-results/tests-02-siwe-authenticati-31bc0-uld-handle-token-expiration-chromium/error-context.md
]]>
</failure>
<system-out>
<![CDATA[
[[ATTACHMENT|tests-02-siwe-authenticati-31bc0-uld-handle-token-expiration-chromium/test-failed-1.png]]

[[ATTACHMENT|tests-02-siwe-authenticati-31bc0-uld-handle-token-expiration-chromium/video.webm]]

[[ATTACHMENT|tests-02-siwe-authenticati-31bc0-uld-handle-token-expiration-chromium/error-context.md]]
]]>
</system-out>
</testcase>
<testcase name="SIWE Authentication Flow › should include chain ID in SIWE message" classname="tests/02-siwe-authentication.spec.ts" time="0.572">
</testcase>
<testcase name="SIWE Authentication Flow › should verify backend validates SIWE signature correctly" classname="tests/02-siwe-authentication.spec.ts" time="0.469">
<failure message="02-siwe-authentication.spec.ts:191:3 should verify backend validates SIWE signature correctly" type="FAILURE">
<![CDATA[  [chromium] › tests/02-siwe-authentication.spec.ts:191:3 › SIWE Authentication Flow › should verify backend validates SIWE signature correctly 

    Error: expect(received).toContain(expected) // indexOf

    Expected value: 404
    Received array: [200, 400, 401]

      202 |
      203 |     // Should return 400 for invalid signature
    > 204 |     expect([200, 400, 401]).toContain(response.status());
          |                             ^
      205 |   });
      206 | });
      207 |
        at /Users/danwilliams/Documents/web3/gatekeeper/web/tests/e2e/tests/02-siwe-authentication.spec.ts:204:29

    attachment #1: screenshot (image/png) ──────────────────────────────────────────────────────────
    ../../test-results/tests-02-siwe-authenticati-c40d8-es-SIWE-signature-correctly-chromium/test-failed-1.png
    ────────────────────────────────────────────────────────────────────────────────────────────────

    attachment #2: video (video/webm) ──────────────────────────────────────────────────────────────
    ../../test-results/tests-02-siwe-authenticati-c40d8-es-SIWE-signature-correctly-chromium/video.webm
    ────────────────────────────────────────────────────────────────────────────────────────────────

    Error Context: ../../test-results/tests-02-siwe-authenticati-c40d8-es-SIWE-signature-correctly-chromium/error-context.md
]]>
</failure>
<system-out>
<![CDATA[
[[ATTACHMENT|tests-02-siwe-authenticati-c40d8-es-SIWE-signature-correctly-chromium/test-failed-1.png]]

[[ATTACHMENT|tests-02-siwe-authenticati-c40d8-es-SIWE-signature-correctly-chromium/video.webm]]

[[ATTACHMENT|tests-02-siwe-authenticati-c40d8-es-SIWE-signature-correctly-chromium/error-context.md]]
]]>
</system-out>
</testcase>
<testcase name="SIWE Authentication - Security › should not expose JWT token in URL or query parameters" classname="tests/02-siwe-authentication.spec.ts" time="0.436">
</testcase>
<testcase name="SIWE Authentication - Security › should clear authentication state on logout" classname="tests/02-siwe-authentication.spec.ts" time="2.044">
</testcase>
<testcase name="SIWE Authentication - Security › should not allow access to protected routes without JWT" classname="tests/02-siwe-authentication.spec.ts" time="1.424">
</testcase>
</testsuite>
<testsuite name="tests/03-api-key-management.spec.ts" timestamp="2025-11-01T07:32:01.989Z" hostname="chromium" tests="20" failures="9" skipped="0" time="211.599" errors="0">
<testcase name="API Key Management - Dashboard › should display API Keys navigation link when authenticated" classname="tests/03-api-key-management.spec.ts" time="1.483">
<failure message="03-api-key-management.spec.ts:13:3 should display API Keys navigation link when authenticated" type="FAILURE">
<![CDATA[  [chromium] › tests/03-api-key-management.spec.ts:13:3 › API Key Management - Dashboard › should display API Keys navigation link when authenticated 

    Error: expect(locator).toBeVisible() failed

    Locator: getByRole('link', { name: /api.*keys/i })
    Expected: visible
    Error: strict mode violation: getByRole('link', { name: /api.*keys/i }) resolved to 2 elements:
        1) <a href="/api-keys" class="text-gray-700 dark:text-gray-300 hover:text-primary-600 dark:hover:text-primary-400">API Keys</a> aka getByRole('link', { name: 'API Keys', exact: true })
        2) <a href="/api-keys">…</a> aka getByRole('link', { name: 'Manage API Keys' })

    Call log:
      - Expect "toBeVisible" with timeout 5000ms
      - waiting for getByRole('link', { name: /api.*keys/i })


      26 |     // Verify API Keys link is visible
      27 |     const apiKeysLink = page.getByRole('link', { name: /api.*keys/i });
    > 28 |     await expect(apiKeysLink).toBeVisible({ timeout: 5000 });
         |                               ^
      29 |   });
      30 |
      31 |   test('should navigate to API Keys page', async ({ page, context }) => {
        at /Users/danwilliams/Documents/web3/gatekeeper/web/tests/e2e/tests/03-api-key-management.spec.ts:28:31

    attachment #1: screenshot (image/png) ──────────────────────────────────────────────────────────
    ../../test-results/tests-03-api-key-managemen-b768f-ion-link-when-authenticated-chromium/test-failed-1.png
    ────────────────────────────────────────────────────────────────────────────────────────────────

    attachment #2: video (video/webm) ──────────────────────────────────────────────────────────────
    ../../test-results/tests-03-api-key-managemen-b768f-ion-link-when-authenticated-chromium/video.webm
    ────────────────────────────────────────────────────────────────────────────────────────────────

    Error Context: ../../test-results/tests-03-api-key-managemen-b768f-ion-link-when-authenticated-chromium/error-context.md
]]>
</failure>
<system-out>
<![CDATA[
[[ATTACHMENT|tests-03-api-key-managemen-b768f-ion-link-when-authenticated-chromium/test-failed-1.png]]

[[ATTACHMENT|tests-03-api-key-managemen-b768f-ion-link-when-authenticated-chromium/video.webm]]

[[ATTACHMENT|tests-03-api-key-managemen-b768f-ion-link-when-authenticated-chromium/error-context.md]]
]]>
</system-out>
</testcase>
<testcase name="API Key Management - Dashboard › should navigate to API Keys page" classname="tests/03-api-key-management.spec.ts" time="6.295">
<failure message="03-api-key-management.spec.ts:31:3 should navigate to API Keys page" type="FAILURE">
<![CDATA[  [chromium] › tests/03-api-key-management.spec.ts:31:3 › API Key Management - Dashboard › should navigate to API Keys page 

    Error: expect(locator).toBeVisible() failed

    Locator: getByRole('heading', { name: /api.*keys/i })
    Expected: visible
    Timeout: 5000ms
    Error: element(s) not found

    Call log:
      - Expect "toBeVisible" with timeout 5000ms
      - waiting for getByRole('heading', { name: /api.*keys/i })


      45 |     // Page should have heading
      46 |     const heading = page.getByRole('heading', { name: /api.*keys/i });
    > 47 |     await expect(heading).toBeVisible({ timeout: 5000 });
         |                           ^
      48 |   });
      49 |
      50 |   test('should display empty state when no API keys exist', async ({ page, context }) => {
        at /Users/danwilliams/Documents/web3/gatekeeper/web/tests/e2e/tests/03-api-key-management.spec.ts:47:27

    attachment #1: screenshot (image/png) ──────────────────────────────────────────────────────────
    ../../test-results/tests-03-api-key-managemen-7c019-d-navigate-to-API-Keys-page-chromium/test-failed-1.png
    ────────────────────────────────────────────────────────────────────────────────────────────────

    attachment #2: video (video/webm) ──────────────────────────────────────────────────────────────
    ../../test-results/tests-03-api-key-managemen-7c019-d-navigate-to-API-Keys-page-chromium/video.webm
    ────────────────────────────────────────────────────────────────────────────────────────────────

    Error Context: ../../test-results/tests-03-api-key-managemen-7c019-d-navigate-to-API-Keys-page-chromium/error-context.md
]]>
</failure>
<system-out>
<![CDATA[
[[ATTACHMENT|tests-03-api-key-managemen-7c019-d-navigate-to-API-Keys-page-chromium/test-failed-1.png]]

[[ATTACHMENT|tests-03-api-key-managemen-7c019-d-navigate-to-API-Keys-page-chromium/video.webm]]

[[ATTACHMENT|tests-03-api-key-managemen-7c019-d-navigate-to-API-Keys-page-chromium/error-context.md]]
]]>
</system-out>
</testcase>
<testcase name="API Key Management - Dashboard › should display empty state when no API keys exist" classname="tests/03-api-key-management.spec.ts" time="6.306">
<failure message="03-api-key-management.spec.ts:50:3 should display empty state when no API keys exist" type="FAILURE">
<![CDATA[  [chromium] › tests/03-api-key-management.spec.ts:50:3 › API Key Management - Dashboard › should display empty state when no API keys exist 

    Error: expect(locator).toBeVisible() failed

    Locator: getByText(/no.*api.*keys|create.*first.*key|get.*started/i).or(getByRole('button', { name: /create.*api.*key|new.*key/i }))
    Expected: visible
    Timeout: 5000ms
    Error: element(s) not found

    Call log:
      - Expect "toBeVisible" with timeout 5000ms
      - waiting for getByText(/no.*api.*keys|create.*first.*key|get.*started/i).or(getByRole('button', { name: /create.*api.*key|new.*key/i }))


      64 |
      65 |     // Either empty state or create button should be visible
    > 66 |     await expect(emptyState.or(createButton)).toBeVisible({ timeout: 5000 });
         |                                               ^
      67 |   });
      68 | });
      69 |
        at /Users/danwilliams/Documents/web3/gatekeeper/web/tests/e2e/tests/03-api-key-management.spec.ts:66:47

    attachment #1: screenshot (image/png) ──────────────────────────────────────────────────────────
    ../../test-results/tests-03-api-key-managemen-cd828-tate-when-no-API-keys-exist-chromium/test-failed-1.png
    ────────────────────────────────────────────────────────────────────────────────────────────────

    attachment #2: video (video/webm) ──────────────────────────────────────────────────────────────
    ../../test-results/tests-03-api-key-managemen-cd828-tate-when-no-API-keys-exist-chromium/video.webm
    ────────────────────────────────────────────────────────────────────────────────────────────────

    Error Context: ../../test-results/tests-03-api-key-managemen-cd828-tate-when-no-API-keys-exist-chromium/error-context.md
]]>
</failure>
<system-out>
<![CDATA[
[[ATTACHMENT|tests-03-api-key-managemen-cd828-tate-when-no-API-keys-exist-chromium/test-failed-1.png]]

[[ATTACHMENT|tests-03-api-key-managemen-cd828-tate-when-no-API-keys-exist-chromium/video.webm]]

[[ATTACHMENT|tests-03-api-key-managemen-cd828-tate-when-no-API-keys-exist-chromium/error-context.md]]
]]>
</system-out>
</testcase>
<testcase name="API Key Management - Creation Flow › should open create API key modal/form" classname="tests/03-api-key-management.spec.ts" time="30.816">
<failure message="03-api-key-management.spec.ts:71:3 should open create API key modal/form" type="FAILURE">
<![CDATA[  [chromium] › tests/03-api-key-management.spec.ts:71:3 › API Key Management - Creation Flow › should open create API key modal/form 

    Test timeout of 30000ms exceeded.

    Error: locator.click: Test timeout of 30000ms exceeded.
    Call log:
      - waiting for getByRole('button', { name: /create.*api.*key|new.*key/i })


      82 |     // Click create API key button
      83 |     const createButton = page.getByRole('button', { name: /create.*api.*key|new.*key/i });
    > 84 |     await createButton.click();
         |                        ^
      85 |
      86 |     // Verify modal or form appears
      87 |     await expect(page.getByRole('dialog').or(page.getByRole('form'))).toBeVisible({ timeout: 5000 });
        at /Users/danwilliams/Documents/web3/gatekeeper/web/tests/e2e/tests/03-api-key-management.spec.ts:84:24

    attachment #1: screenshot (image/png) ──────────────────────────────────────────────────────────
    ../../test-results/tests-03-api-key-managemen-c8809-n-create-API-key-modal-form-chromium/test-failed-1.png
    ────────────────────────────────────────────────────────────────────────────────────────────────

    attachment #2: video (video/webm) ──────────────────────────────────────────────────────────────
    ../../test-results/tests-03-api-key-managemen-c8809-n-create-API-key-modal-form-chromium/video.webm
    ────────────────────────────────────────────────────────────────────────────────────────────────

    Error Context: ../../test-results/tests-03-api-key-managemen-c8809-n-create-API-key-modal-form-chromium/error-context.md
]]>
</failure>
<system-out>
<![CDATA[
[[ATTACHMENT|tests-03-api-key-managemen-c8809-n-create-API-key-modal-form-chromium/test-failed-1.png]]

[[ATTACHMENT|tests-03-api-key-managemen-c8809-n-create-API-key-modal-form-chromium/video.webm]]

[[ATTACHMENT|tests-03-api-key-managemen-c8809-n-create-API-key-modal-form-chromium/error-context.md]]
]]>
</system-out>
</testcase>
<testcase name="API Key Management - Creation Flow › should require API key name" classname="tests/03-api-key-management.spec.ts" time="30.903">
<failure message="03-api-key-management.spec.ts:90:3 should require API key name" type="FAILURE">
<![CDATA[  [chromium] › tests/03-api-key-management.spec.ts:90:3 › API Key Management - Creation Flow › should require API key name 

    Test timeout of 30000ms exceeded.

    Error: locator.click: Test timeout of 30000ms exceeded.
    Call log:
      - waiting for getByRole('button', { name: /create.*api.*key|new.*key/i })


      101 |     // Click create API key button
      102 |     const createButton = page.getByRole('button', { name: /create.*api.*key|new.*key/i });
    > 103 |     await createButton.click();
          |                        ^
      104 |
      105 |     // Try to submit without name
      106 |     const submitButton = page.getByRole('button', { name: /create|save|generate/i });
        at /Users/danwilliams/Documents/web3/gatekeeper/web/tests/e2e/tests/03-api-key-management.spec.ts:103:24

    attachment #1: screenshot (image/png) ──────────────────────────────────────────────────────────
    ../../test-results/tests-03-api-key-managemen-11ef2-should-require-API-key-name-chromium/test-failed-1.png
    ────────────────────────────────────────────────────────────────────────────────────────────────

    attachment #2: video (video/webm) ──────────────────────────────────────────────────────────────
    ../../test-results/tests-03-api-key-managemen-11ef2-should-require-API-key-name-chromium/video.webm
    ────────────────────────────────────────────────────────────────────────────────────────────────

    Error Context: ../../test-results/tests-03-api-key-managemen-11ef2-should-require-API-key-name-chromium/error-context.md
]]>
</failure>
<system-out>
<![CDATA[
[[ATTACHMENT|tests-03-api-key-managemen-11ef2-should-require-API-key-name-chromium/test-failed-1.png]]

[[ATTACHMENT|tests-03-api-key-managemen-11ef2-should-require-API-key-name-chromium/video.webm]]

[[ATTACHMENT|tests-03-api-key-managemen-11ef2-should-require-API-key-name-chromium/error-context.md]]
]]>
</system-out>
</testcase>
<testcase name="API Key Management - Creation Flow › should allow setting API key name" classname="tests/03-api-key-management.spec.ts" time="30.652">
<failure message="03-api-key-management.spec.ts:115:3 should allow setting API key name" type="FAILURE">
<![CDATA[  [chromium] › tests/03-api-key-management.spec.ts:115:3 › API Key Management - Creation Flow › should allow setting API key name 

    Test timeout of 30000ms exceeded.

    Error: locator.click: Test timeout of 30000ms exceeded.
    Call log:
      - waiting for getByRole('button', { name: /create.*api.*key|new.*key/i })


      126 |     // Click create API key button
      127 |     const createButton = page.getByRole('button', { name: /create.*api.*key|new.*key/i });
    > 128 |     await createButton.click();
          |                        ^
      129 |
      130 |     // Fill in name
      131 |     const nameInput = page.getByLabel(/name|key.*name/i).or(page.getByPlaceholder(/name/i));
        at /Users/danwilliams/Documents/web3/gatekeeper/web/tests/e2e/tests/03-api-key-management.spec.ts:128:24

    attachment #1: screenshot (image/png) ──────────────────────────────────────────────────────────
    ../../test-results/tests-03-api-key-managemen-2dcaa--allow-setting-API-key-name-chromium/test-failed-1.png
    ────────────────────────────────────────────────────────────────────────────────────────────────

    attachment #2: video (video/webm) ──────────────────────────────────────────────────────────────
    ../../test-results/tests-03-api-key-managemen-2dcaa--allow-setting-API-key-name-chromium/video.webm
    ────────────────────────────────────────────────────────────────────────────────────────────────

    Error Context: ../../test-results/tests-03-api-key-managemen-2dcaa--allow-setting-API-key-name-chromium/error-context.md
]]>
</failure>
<system-out>
<![CDATA[
[[ATTACHMENT|tests-03-api-key-managemen-2dcaa--allow-setting-API-key-name-chromium/test-failed-1.png]]

[[ATTACHMENT|tests-03-api-key-managemen-2dcaa--allow-setting-API-key-name-chromium/video.webm]]

[[ATTACHMENT|tests-03-api-key-managemen-2dcaa--allow-setting-API-key-name-chromium/error-context.md]]
]]>
</system-out>
</testcase>
<testcase name="API Key Management - Creation Flow › should display scope/permission options" classname="tests/03-api-key-management.spec.ts" time="30.802">
<failure message="03-api-key-management.spec.ts:141:3 should display scope/permission options" type="FAILURE">
<![CDATA[  [chromium] › tests/03-api-key-management.spec.ts:141:3 › API Key Management - Creation Flow › should display scope/permission options 

    Test timeout of 30000ms exceeded.

    Error: locator.click: Test timeout of 30000ms exceeded.
    Call log:
      - waiting for getByRole('button', { name: /create.*api.*key|new.*key/i })


      152 |     // Click create API key button
      153 |     const createButton = page.getByRole('button', { name: /create.*api.*key|new.*key/i });
    > 154 |     await createButton.click();
          |                        ^
      155 |
      156 |     // Look for scope/permission checkboxes or select
      157 |     const scopeOptions = page.getByText(/read|write|admin|scope|permission/i);
        at /Users/danwilliams/Documents/web3/gatekeeper/web/tests/e2e/tests/03-api-key-management.spec.ts:154:24

    attachment #1: screenshot (image/png) ──────────────────────────────────────────────────────────
    ../../test-results/tests-03-api-key-managemen-796b0-ay-scope-permission-options-chromium/test-failed-1.png
    ────────────────────────────────────────────────────────────────────────────────────────────────

    attachment #2: video (video/webm) ──────────────────────────────────────────────────────────────
    ../../test-results/tests-03-api-key-managemen-796b0-ay-scope-permission-options-chromium/video.webm
    ────────────────────────────────────────────────────────────────────────────────────────────────

    Error Context: ../../test-results/tests-03-api-key-managemen-796b0-ay-scope-permission-options-chromium/error-context.md
]]>
</failure>
<system-out>
<![CDATA[
[[ATTACHMENT|tests-03-api-key-managemen-796b0-ay-scope-permission-options-chromium/test-failed-1.png]]

[[ATTACHMENT|tests-03-api-key-managemen-796b0-ay-scope-permission-options-chromium/video.webm]]

[[ATTACHMENT|tests-03-api-key-managemen-796b0-ay-scope-permission-options-chromium/error-context.md]]
]]>
</system-out>
</testcase>
<testcase name="API Key Management - Creation Flow › should allow selecting multiple scopes" classname="tests/03-api-key-management.spec.ts" time="30.787">
<failure message="03-api-key-management.spec.ts:163:3 should allow selecting multiple scopes" type="FAILURE">
<![CDATA[  [chromium] › tests/03-api-key-management.spec.ts:163:3 › API Key Management - Creation Flow › should allow selecting multiple scopes 

    Test timeout of 30000ms exceeded.

    Error: locator.click: Test timeout of 30000ms exceeded.
    Call log:
      - waiting for getByRole('button', { name: /create.*api.*key|new.*key/i })


      174 |     // Click create API key button
      175 |     const createButton = page.getByRole('button', { name: /create.*api.*key|new.*key/i });
    > 176 |     await createButton.click();
          |                        ^
      177 |
      178 |     // Look for checkboxes
      179 |     const checkboxes = page.getByRole('checkbox');
        at /Users/danwilliams/Documents/web3/gatekeeper/web/tests/e2e/tests/03-api-key-management.spec.ts:176:24

    attachment #1: screenshot (image/png) ──────────────────────────────────────────────────────────
    ../../test-results/tests-03-api-key-managemen-c02ec-w-selecting-multiple-scopes-chromium/test-failed-1.png
    ────────────────────────────────────────────────────────────────────────────────────────────────

    attachment #2: video (video/webm) ──────────────────────────────────────────────────────────────
    ../../test-results/tests-03-api-key-managemen-c02ec-w-selecting-multiple-scopes-chromium/video.webm
    ────────────────────────────────────────────────────────────────────────────────────────────────

    Error Context: ../../test-results/tests-03-api-key-managemen-c02ec-w-selecting-multiple-scopes-chromium/error-context.md
]]>
</failure>
<system-out>
<![CDATA[
[[ATTACHMENT|tests-03-api-key-managemen-c02ec-w-selecting-multiple-scopes-chromium/test-failed-1.png]]

[[ATTACHMENT|tests-03-api-key-managemen-c02ec-w-selecting-multiple-scopes-chromium/video.webm]]

[[ATTACHMENT|tests-03-api-key-managemen-c02ec-w-selecting-multiple-scopes-chromium/error-context.md]]
]]>
</system-out>
</testcase>
<testcase name="API Key Management - Creation Flow › should validate API key name length" classname="tests/03-api-key-management.spec.ts" time="30.719">
<failure message="03-api-key-management.spec.ts:194:3 should validate API key name length" type="FAILURE">
<![CDATA[  [chromium] › tests/03-api-key-management.spec.ts:194:3 › API Key Management - Creation Flow › should validate API key name length 

    Test timeout of 30000ms exceeded.

    Error: locator.click: Test timeout of 30000ms exceeded.
    Call log:
      - waiting for getByRole('button', { name: /create.*api.*key|new.*key/i })


      205 |     // Click create API key button
      206 |     const createButton = page.getByRole('button', { name: /create.*api.*key|new.*key/i });
    > 207 |     await createButton.click();
          |                        ^
      208 |
      209 |     // Try very long name
      210 |     const nameInput = page.getByLabel(/name|key.*name/i).or(page.getByPlaceholder(/name/i));
        at /Users/danwilliams/Documents/web3/gatekeeper/web/tests/e2e/tests/03-api-key-management.spec.ts:207:24

    attachment #1: screenshot (image/png) ──────────────────────────────────────────────────────────
    ../../test-results/tests-03-api-key-managemen-d9b60-alidate-API-key-name-length-chromium/test-failed-1.png
    ────────────────────────────────────────────────────────────────────────────────────────────────

    attachment #2: video (video/webm) ──────────────────────────────────────────────────────────────
    ../../test-results/tests-03-api-key-managemen-d9b60-alidate-API-key-name-length-chromium/video.webm
    ────────────────────────────────────────────────────────────────────────────────────────────────

    Error Context: ../../test-results/tests-03-api-key-managemen-d9b60-alidate-API-key-name-length-chromium/error-context.md
]]>
</failure>
<system-out>
<![CDATA[
[[ATTACHMENT|tests-03-api-key-managemen-d9b60-alidate-API-key-name-length-chromium/test-failed-1.png]]

[[ATTACHMENT|tests-03-api-key-managemen-d9b60-alidate-API-key-name-length-chromium/video.webm]]

[[ATTACHMENT|tests-03-api-key-managemen-d9b60-alidate-API-key-name-length-chromium/error-context.md]]
]]>
</system-out>
</testcase>
<testcase name="API Key Management - Creation Flow › should display generated API key after creation" classname="tests/03-api-key-management.spec.ts" time="0.19">
</testcase>
<testcase name="API Key Management - Creation Flow › should provide copy-to-clipboard for new API key" classname="tests/03-api-key-management.spec.ts" time="0.098">
</testcase>
<testcase name="API Key Management - Listing &amp; Display › should display existing API keys in a table/list" classname="tests/03-api-key-management.spec.ts" time="2.169">
</testcase>
<testcase name="API Key Management - Listing &amp; Display › should show API key metadata (name, created date, scopes)" classname="tests/03-api-key-management.spec.ts" time="0.121">
</testcase>
<testcase name="API Key Management - Listing &amp; Display › should mask API key values in listing" classname="tests/03-api-key-management.spec.ts" time="1.141">
</testcase>
<testcase name="API Key Management - Listing &amp; Display › should display scopes as badges/tags" classname="tests/03-api-key-management.spec.ts" time="1.14">
</testcase>
<testcase name="API Key Management - Revocation › should show revoke/delete button for each API key" classname="tests/03-api-key-management.spec.ts" time="2.21">
</testcase>
<testcase name="API Key Management - Revocation › should show confirmation dialog before revoking key" classname="tests/03-api-key-management.spec.ts" time="1.15">
</testcase>
<testcase name="API Key Management - Revocation › should allow canceling revocation" classname="tests/03-api-key-management.spec.ts" time="1.164">
</testcase>
<testcase name="API Key Management - Permissions › should not allow non-authenticated users to access API keys page" classname="tests/03-api-key-management.spec.ts" time="2.301">
</testcase>
<testcase name="API Key Management - Permissions › should display API key count/usage statistics" classname="tests/03-api-key-management.spec.ts" time="1.152">
</testcase>
</testsuite>
<testsuite name="tests/04-complete-journey.spec.ts" timestamp="2025-11-01T07:32:01.989Z" hostname="chromium" tests="16" failures="7" skipped="0" time="57.118" errors="0">
<testcase name="Complete User Journey - New User Flow › should complete full journey: Connect → Sign → Create API Key" classname="tests/04-complete-journey.spec.ts" time="1.423">
<failure message="04-complete-journey.spec.ts:12:3 should complete full journey: Connect → Sign → Create API Key" type="FAILURE">
<![CDATA[  [chromium] › tests/04-complete-journey.spec.ts:12:3 › Complete User Journey - New User Flow › should complete full journey: Connect → Sign → Create API Key 

    Error: expect(locator).toBeVisible() failed

    Locator: getByRole('heading', { name: /gatekeeper/i })
    Expected: visible
    Error: strict mode violation: getByRole('heading', { name: /gatekeeper/i }) resolved to 2 elements:
        1) <h1 class="text-4xl md:text-6xl font-bold text-gray-900 dark:text-white">…</h1> aka getByRole('heading', { name: 'Welcome to Gatekeeper' })
        2) <h3 class="text-sm font-semibold text-gray-900 dark:text-white mb-3">Gatekeeper</h3> aka getByRole('heading', { name: 'Gatekeeper', exact: true })

    Call log:
      - Expect "toBeVisible" with timeout 5000ms
      - waiting for getByRole('heading', { name: /gatekeeper/i })


      16 |
      17 |     // Verify homepage loads
    > 18 |     await expect(page.getByRole('heading', { name: /gatekeeper/i })).toBeVisible({ timeout: 5000 });
         |                                                                      ^
      19 |
      20 |     // Step 2: Verify connect wallet button is visible
      21 |     const connectButton = page.getByTestId('rk-connect-button').first();
        at /Users/danwilliams/Documents/web3/gatekeeper/web/tests/e2e/tests/04-complete-journey.spec.ts:18:70

    attachment #1: screenshot (image/png) ──────────────────────────────────────────────────────────
    ../../test-results/tests-04-complete-journey--60895-ect-→-Sign-→-Create-API-Key-chromium/test-failed-1.png
    ────────────────────────────────────────────────────────────────────────────────────────────────

    attachment #2: video (video/webm) ──────────────────────────────────────────────────────────────
    ../../test-results/tests-04-complete-journey--60895-ect-→-Sign-→-Create-API-Key-chromium/video.webm
    ────────────────────────────────────────────────────────────────────────────────────────────────

    Error Context: ../../test-results/tests-04-complete-journey--60895-ect-→-Sign-→-Create-API-Key-chromium/error-context.md
]]>
</failure>
<system-out>
<![CDATA[
[[ATTACHMENT|tests-04-complete-journey--60895-ect-→-Sign-→-Create-API-Key-chromium/test-failed-1.png]]

[[ATTACHMENT|tests-04-complete-journey--60895-ect-→-Sign-→-Create-API-Key-chromium/video.webm]]

[[ATTACHMENT|tests-04-complete-journey--60895-ect-→-Sign-→-Create-API-Key-chromium/error-context.md]]
]]>
</system-out>
</testcase>
<testcase name="Complete User Journey - New User Flow › should persist authentication across multiple page navigations" classname="tests/04-complete-journey.spec.ts" time="1.447">
<failure message="04-complete-journey.spec.ts:68:3 should persist authentication across multiple page navigations" type="FAILURE">
<![CDATA[  [chromium] › tests/04-complete-journey.spec.ts:68:3 › Complete User Journey - New User Flow › should persist authentication across multiple page navigations 

    Error: expect(locator).toBeVisible() failed

    Locator: getByRole('link', { name: /dashboard/i })
    Expected: visible
    Error: strict mode violation: getByRole('link', { name: /dashboard/i }) resolved to 2 elements:
        1) <a href="/dashboard" class="text-gray-700 dark:text-gray-300 hover:text-primary-600 dark:hover:text-primary-400">Dashboard</a> aka getByRole('link', { name: 'Dashboard', exact: true })
        2) <a href="/dashboard">…</a> aka getByRole('link', { name: 'Go to Dashboard' })

    Call log:
      - Expect "toBeVisible" with timeout 5000ms
      - waiting for getByRole('link', { name: /dashboard/i })


      81 |     // Should see dashboard link
      82 |     let dashboardLink = page.getByRole('link', { name: /dashboard/i });
    > 83 |     await expect(dashboardLink).toBeVisible({ timeout: 5000 });
         |                                 ^
      84 |
      85 |     // Navigate to dashboard
      86 |     await dashboardLink.click();
        at /Users/danwilliams/Documents/web3/gatekeeper/web/tests/e2e/tests/04-complete-journey.spec.ts:83:33

    attachment #1: screenshot (image/png) ──────────────────────────────────────────────────────────
    ../../test-results/tests-04-complete-journey--8d6f3-s-multiple-page-navigations-chromium/test-failed-1.png
    ────────────────────────────────────────────────────────────────────────────────────────────────

    attachment #2: video (video/webm) ──────────────────────────────────────────────────────────────
    ../../test-results/tests-04-complete-journey--8d6f3-s-multiple-page-navigations-chromium/video.webm
    ────────────────────────────────────────────────────────────────────────────────────────────────

    Error Context: ../../test-results/tests-04-complete-journey--8d6f3-s-multiple-page-navigations-chromium/error-context.md
]]>
</failure>
<system-out>
<![CDATA[
[[ATTACHMENT|tests-04-complete-journey--8d6f3-s-multiple-page-navigations-chromium/test-failed-1.png]]

[[ATTACHMENT|tests-04-complete-journey--8d6f3-s-multiple-page-navigations-chromium/video.webm]]

[[ATTACHMENT|tests-04-complete-journey--8d6f3-s-multiple-page-navigations-chromium/error-context.md]]
]]>
</system-out>
</testcase>
<testcase name="Complete User Journey - New User Flow › should handle browser refresh while authenticated" classname="tests/04-complete-journey.spec.ts" time="1.443">
<failure message="04-complete-journey.spec.ts:113:3 should handle browser refresh while authenticated" type="FAILURE">
<![CDATA[  [chromium] › tests/04-complete-journey.spec.ts:113:3 › Complete User Journey - New User Flow › should handle browser refresh while authenticated 

    Error: expect(locator).toBeVisible() failed

    Locator: getByRole('link', { name: /dashboard/i })
    Expected: visible
    Error: strict mode violation: getByRole('link', { name: /dashboard/i }) resolved to 2 elements:
        1) <a href="/dashboard" class="text-gray-700 dark:text-gray-300 hover:text-primary-600 dark:hover:text-primary-400">Dashboard</a> aka getByRole('link', { name: 'Dashboard', exact: true })
        2) <a href="/dashboard">…</a> aka getByRole('link', { name: 'Go to Dashboard' })

    Call log:
      - Expect "toBeVisible" with timeout 5000ms
      - waiting for getByRole('link', { name: /dashboard/i })


      125 |     // Verify authenticated
      126 |     const dashboardLink = page.getByRole('link', { name: /dashboard/i });
    > 127 |     await expect(dashboardLink).toBeVisible({ timeout: 5000 });
          |                                 ^
      128 |
      129 |     // Refresh page
      130 |     await page.reload();
        at /Users/danwilliams/Documents/web3/gatekeeper/web/tests/e2e/tests/04-complete-journey.spec.ts:127:33

    attachment #1: screenshot (image/png) ──────────────────────────────────────────────────────────
    ../../test-results/tests-04-complete-journey--5d19f-refresh-while-authenticated-chromium/test-failed-1.png
    ────────────────────────────────────────────────────────────────────────────────────────────────

    attachment #2: video (video/webm) ──────────────────────────────────────────────────────────────
    ../../test-results/tests-04-complete-journey--5d19f-refresh-while-authenticated-chromium/video.webm
    ────────────────────────────────────────────────────────────────────────────────────────────────

    Error Context: ../../test-results/tests-04-complete-journey--5d19f-refresh-while-authenticated-chromium/error-context.md
]]>
</failure>
<system-out>
<![CDATA[
[[ATTACHMENT|tests-04-complete-journey--5d19f-refresh-while-authenticated-chromium/test-failed-1.png]]

[[ATTACHMENT|tests-04-complete-journey--5d19f-refresh-while-authenticated-chromium/video.webm]]

[[ATTACHMENT|tests-04-complete-journey--5d19f-refresh-while-authenticated-chromium/error-context.md]]
]]>
</system-out>
</testcase>
<testcase name="Complete User Journey - Returning User Flow › should auto-authenticate returning user with valid token" classname="tests/04-complete-journey.spec.ts" time="1.427">
<failure message="04-complete-journey.spec.ts:139:3 should auto-authenticate returning user with valid token" type="FAILURE">
<![CDATA[  [chromium] › tests/04-complete-journey.spec.ts:139:3 › Complete User Journey - Returning User Flow › should auto-authenticate returning user with valid token 

    Error: expect(locator).toBeVisible() failed

    Locator: getByRole('link', { name: /dashboard/i })
    Expected: visible
    Error: strict mode violation: getByRole('link', { name: /dashboard/i }) resolved to 2 elements:
        1) <a href="/dashboard" class="text-gray-700 dark:text-gray-300 hover:text-primary-600 dark:hover:text-primary-400">Dashboard</a> aka getByRole('link', { name: 'Dashboard', exact: true })
        2) <a href="/dashboard">…</a> aka getByRole('link', { name: 'Go to Dashboard' })

    Call log:
      - Expect "toBeVisible" with timeout 5000ms
      - waiting for getByRole('link', { name: /dashboard/i })


      152 |     // User should see authenticated state immediately
      153 |     const dashboardLink = page.getByRole('link', { name: /dashboard/i });
    > 154 |     await expect(dashboardLink).toBeVisible({ timeout: 5000 });
          |                                 ^
      155 |
      156 |     // Should NOT see connect wallet button
      157 |     const connectButton = page.getByTestId('rk-connect-button').first();
        at /Users/danwilliams/Documents/web3/gatekeeper/web/tests/e2e/tests/04-complete-journey.spec.ts:154:33

    attachment #1: screenshot (image/png) ──────────────────────────────────────────────────────────
    ../../test-results/tests-04-complete-journey--ab233-rning-user-with-valid-token-chromium/test-failed-1.png
    ────────────────────────────────────────────────────────────────────────────────────────────────

    attachment #2: video (video/webm) ──────────────────────────────────────────────────────────────
    ../../test-results/tests-04-complete-journey--ab233-rning-user-with-valid-token-chromium/video.webm
    ────────────────────────────────────────────────────────────────────────────────────────────────

    Error Context: ../../test-results/tests-04-complete-journey--ab233-rning-user-with-valid-token-chromium/error-context.md
]]>
</failure>
<system-out>
<![CDATA[
[[ATTACHMENT|tests-04-complete-journey--ab233-rning-user-with-valid-token-chromium/test-failed-1.png]]

[[ATTACHMENT|tests-04-complete-journey--ab233-rning-user-with-valid-token-chromium/video.webm]]

[[ATTACHMENT|tests-04-complete-journey--ab233-rning-user-with-valid-token-chromium/error-context.md]]
]]>
</system-out>
</testcase>
<testcase name="Complete User Journey - Returning User Flow › should prompt re-authentication if token is expired" classname="tests/04-complete-journey.spec.ts" time="3.038">
</testcase>
<testcase name="Complete User Journey - Logout Flow › should complete logout and clear all auth state" classname="tests/04-complete-journey.spec.ts" time="1.487">
<failure message="04-complete-journey.spec.ts:182:3 should complete logout and clear all auth state" type="FAILURE">
<![CDATA[  [chromium] › tests/04-complete-journey.spec.ts:182:3 › Complete User Journey - Logout Flow › should complete logout and clear all auth state 

    Error: expect(locator).toBeVisible() failed

    Locator: getByRole('link', { name: /dashboard/i })
    Expected: visible
    Error: strict mode violation: getByRole('link', { name: /dashboard/i }) resolved to 2 elements:
        1) <a href="/dashboard" class="text-gray-700 dark:text-gray-300 hover:text-primary-600 dark:hover:text-primary-400">Dashboard</a> aka getByRole('link', { name: 'Dashboard', exact: true })
        2) <a href="/dashboard">…</a> aka getByRole('link', { name: 'Go to Dashboard' })

    Call log:
      - Expect "toBeVisible" with timeout 5000ms
      - waiting for getByRole('link', { name: /dashboard/i })


      194 |     // Verify authenticated
      195 |     const dashboardLink = page.getByRole('link', { name: /dashboard/i });
    > 196 |     await expect(dashboardLink).toBeVisible({ timeout: 5000 });
          |                                 ^
      197 |
      198 |     // Find disconnect/logout button
      199 |     const disconnectButton = page.getByRole('button', { name: /disconnect|logout|sign.*out/i });
        at /Users/danwilliams/Documents/web3/gatekeeper/web/tests/e2e/tests/04-complete-journey.spec.ts:196:33

    attachment #1: screenshot (image/png) ──────────────────────────────────────────────────────────
    ../../test-results/tests-04-complete-journey--bf1c7-ut-and-clear-all-auth-state-chromium/test-failed-1.png
    ────────────────────────────────────────────────────────────────────────────────────────────────

    attachment #2: video (video/webm) ──────────────────────────────────────────────────────────────
    ../../test-results/tests-04-complete-journey--bf1c7-ut-and-clear-all-auth-state-chromium/video.webm
    ────────────────────────────────────────────────────────────────────────────────────────────────

    Error Context: ../../test-results/tests-04-complete-journey--bf1c7-ut-and-clear-all-auth-state-chromium/error-context.md
]]>
</failure>
<system-out>
<![CDATA[
[[ATTACHMENT|tests-04-complete-journey--bf1c7-ut-and-clear-all-auth-state-chromium/test-failed-1.png]]

[[ATTACHMENT|tests-04-complete-journey--bf1c7-ut-and-clear-all-auth-state-chromium/video.webm]]

[[ATTACHMENT|tests-04-complete-journey--bf1c7-ut-and-clear-all-auth-state-chromium/error-context.md]]
]]>
</system-out>
</testcase>
<testcase name="Complete User Journey - Logout Flow › should redirect to home after logout from protected page" classname="tests/04-complete-journey.spec.ts" time="3.043">
</testcase>
<testcase name="Complete User Journey - Navigation › should navigate between all main sections when authenticated" classname="tests/04-complete-journey.spec.ts" time="1.431">
<failure message="04-complete-journey.spec.ts:243:3 should navigate between all main sections when authenticated" type="FAILURE">
<![CDATA[  [chromium] › tests/04-complete-journey.spec.ts:243:3 › Complete User Journey - Navigation › should navigate between all main sections when authenticated 

    Error: locator.click: Error: strict mode violation: getByRole('link', { name: /dashboard/i }) resolved to 2 elements:
        1) <a href="/dashboard" class="text-gray-700 dark:text-gray-300 hover:text-primary-600 dark:hover:text-primary-400">Dashboard</a> aka getByRole('link', { name: 'Dashboard', exact: true })
        2) <a href="/dashboard">…</a> aka getByRole('link', { name: 'Go to Dashboard' })

    Call log:
      - waiting for getByRole('link', { name: /dashboard/i })


      255 |     // Test navigation to Dashboard
      256 |     const dashboardLink = page.getByRole('link', { name: /dashboard/i });
    > 257 |     await dashboardLink.click();
          |                         ^
      258 |     await page.waitForTimeout(1000);
      259 |     expect(page.url()).toContain('/dashboard');
      260 |
        at /Users/danwilliams/Documents/web3/gatekeeper/web/tests/e2e/tests/04-complete-journey.spec.ts:257:25

    attachment #1: screenshot (image/png) ──────────────────────────────────────────────────────────
    ../../test-results/tests-04-complete-journey--0002e-sections-when-authenticated-chromium/test-failed-1.png
    ────────────────────────────────────────────────────────────────────────────────────────────────

    attachment #2: video (video/webm) ──────────────────────────────────────────────────────────────
    ../../test-results/tests-04-complete-journey--0002e-sections-when-authenticated-chromium/video.webm
    ────────────────────────────────────────────────────────────────────────────────────────────────

    Error Context: ../../test-results/tests-04-complete-journey--0002e-sections-when-authenticated-chromium/error-context.md
]]>
</failure>
<system-out>
<![CDATA[
[[ATTACHMENT|tests-04-complete-journey--0002e-sections-when-authenticated-chromium/test-failed-1.png]]

[[ATTACHMENT|tests-04-complete-journey--0002e-sections-when-authenticated-chromium/video.webm]]

[[ATTACHMENT|tests-04-complete-journey--0002e-sections-when-authenticated-chromium/error-context.md]]
]]>
</system-out>
</testcase>
<testcase name="Complete User Journey - Navigation › should show active navigation state for current page" classname="tests/04-complete-journey.spec.ts" time="1.9">
</testcase>
<testcase name="Complete User Journey - Error Handling › should handle network errors gracefully" classname="tests/04-complete-journey.spec.ts" time="1.42">
</testcase>
<testcase name="Complete User Journey - Error Handling › should handle invalid JWT token gracefully" classname="tests/04-complete-journey.spec.ts" time="1.453">
</testcase>
<testcase name="Complete User Journey - Error Handling › should handle missing localStorage gracefully" classname="tests/04-complete-journey.spec.ts" time="1.395">
</testcase>
<testcase name="Complete User Journey - Mobile Experience › should complete full journey on mobile viewport" classname="tests/04-complete-journey.spec.ts" time="2.422">
</testcase>
<testcase name="Complete User Journey - Mobile Experience › should handle mobile wallet connection" classname="tests/04-complete-journey.spec.ts" time="30.676">
<failure message="04-complete-journey.spec.ts:367:3 should handle mobile wallet connection" type="FAILURE">
<![CDATA[  [chromium] › tests/04-complete-journey.spec.ts:367:3 › Complete User Journey - Mobile Experience › should handle mobile wallet connection 

    Test timeout of 30000ms exceeded.

    Error: locator.click: Test timeout of 30000ms exceeded.
    Call log:
      - waiting for getByTestId('rk-connect-button').first()
        - locator resolved to <button type="button" data-testid="rk-connect-button" class="iekbcc0 iekbcc9 ju367v78 ju367v7t ju367v9i ju367vn ju367vei ju367vf3 ju367v16 ju367v1h ju367v2g ju367v8u _12cbo8i3 ju367v8r _12cbo8i4 _12cbo8i6">Connect Wallet</button>
      - attempting click action
        2 × waiting for element to be visible, enabled and stable
          - element is not visible
        - retrying click action
        - waiting 20ms
        2 × waiting for element to be visible, enabled and stable
          - element is not visible
        - retrying click action
          - waiting 100ms
        55 × waiting for element to be visible, enabled and stable
           - element is not visible
         - retrying click action
           - waiting 500ms


      374 |     // Click connect wallet
      375 |     const connectButton = page.getByTestId('rk-connect-button').first();
    > 376 |     await connectButton.click();
          |                         ^
      377 |
      378 |     // Mobile modal should appear
      379 |     await expect(page.locator('[data-rk]').first()).toBeVisible({ timeout: 5000 });
        at /Users/danwilliams/Documents/web3/gatekeeper/web/tests/e2e/tests/04-complete-journey.spec.ts:376:25

    attachment #1: screenshot (image/png) ──────────────────────────────────────────────────────────
    ../../test-results/tests-04-complete-journey--72444-le-mobile-wallet-connection-chromium/test-failed-1.png
    ────────────────────────────────────────────────────────────────────────────────────────────────

    attachment #2: video (video/webm) ──────────────────────────────────────────────────────────────
    ../../test-results/tests-04-complete-journey--72444-le-mobile-wallet-connection-chromium/video.webm
    ────────────────────────────────────────────────────────────────────────────────────────────────

    Error Context: ../../test-results/tests-04-complete-journey--72444-le-mobile-wallet-connection-chromium/error-context.md
]]>
</failure>
<system-out>
<![CDATA[
[[ATTACHMENT|tests-04-complete-journey--72444-le-mobile-wallet-connection-chromium/test-failed-1.png]]

[[ATTACHMENT|tests-04-complete-journey--72444-le-mobile-wallet-connection-chromium/video.webm]]

[[ATTACHMENT|tests-04-complete-journey--72444-le-mobile-wallet-connection-chromium/error-context.md]]
]]>
</system-out>
</testcase>
<testcase name="Complete User Journey - Performance › should load homepage within acceptable time" classname="tests/04-complete-journey.spec.ts" time="1.312">
</testcase>
<testcase name="Complete User Journey - Performance › should handle rapid navigation without errors" classname="tests/04-complete-journey.spec.ts" time="1.801">
</testcase>
</testsuite>
</testsuites>