<testsuites id="" name="" tests="62" failures="18" skipped="0" errors="0" time="115.61892700000001">
<testsuite name="tests/01-wallet-connection.spec.ts" timestamp="2025-11-01T07:49:58.266Z" hostname="chromium" tests="12" failures="2" skipped="0" time="51.229" errors="0">
<testcase name="Wallet Connection Flow › should display wallet connection button on homepage" classname="tests/01-wallet-connection.spec.ts" time="1.45">
</testcase>
<testcase name="Wallet Connection Flow › should show RainbowKit modal when connect button is clicked" classname="tests/01-wallet-connection.spec.ts" time="1.49">
</testcase>
<testcase name="Wallet Connection Flow › should display wallet provider options in modal" classname="tests/01-wallet-connection.spec.ts" time="1.527">
</testcase>
<testcase name="Wallet Connection Flow › should close modal when cancel/close button is clicked" classname="tests/01-wallet-connection.spec.ts" time="2.309">
</testcase>
<testcase name="Wallet Connection Flow › should handle no wallet provider gracefully" classname="tests/01-wallet-connection.spec.ts" time="0.943">
</testcase>
<testcase name="Wallet Connection Flow › should persist wallet connection state in localStorage" classname="tests/01-wallet-connection.spec.ts" time="2.051">
</testcase>
<testcase name="Wallet Connection Flow › should display proper loading state during connection" classname="tests/01-wallet-connection.spec.ts" time="0.954">
</testcase>
<testcase name="Wallet Connection Flow › should show network selection in wallet modal" classname="tests/01-wallet-connection.spec.ts" time="0.87">
</testcase>
<testcase name="Wallet Connection Flow › should display wallet address in shortened format when connected" classname="tests/01-wallet-connection.spec.ts" time="1.821">
</testcase>
<testcase name="Wallet Connection Flow › should handle connection rejection by user" classname="tests/01-wallet-connection.spec.ts" time="1.559">
</testcase>
<testcase name="Wallet Connection - Responsive Design › should display wallet connection on mobile viewport" classname="tests/01-wallet-connection.spec.ts" time="5.6">
<failure message="01-wallet-connection.spec.ts:177:3 should display wallet connection on mobile viewport" type="FAILURE">
<![CDATA[  [chromium] › tests/01-wallet-connection.spec.ts:177:3 › Wallet Connection - Responsive Design › should display wallet connection on mobile viewport 

    Error: expect(locator).toBeVisible() failed

    Locator:  getByTestId('rk-connect-button').first()
    Expected: visible
    Received: hidden
    Timeout:  5000ms

    Call log:
      - Expect "toBeVisible" with timeout 5000ms
      - waiting for getByTestId('rk-connect-button').first()
        9 × locator resolved to <button type="button" data-testid="rk-connect-button" class="iekbcc0 iekbcc9 ju367v78 ju367v7t ju367v9i ju367vn ju367vei ju367vf3 ju367v16 ju367v1h ju367v2g ju367v8u _12cbo8i3 ju367v8r _12cbo8i4 _12cbo8i6">Connect Wallet</button>
          - unexpected value "hidden"


      182 |     // Verify connect button is visible on mobile
      183 |     const connectButton = page.getByTestId('rk-connect-button').first();
    > 184 |     await expect(connectButton).toBeVisible();
          |                                 ^
      185 |   });
      186 |
      187 |   test('should open mobile-optimized wallet modal', async ({ page }) => {
        at /Users/danwilliams/Documents/web3/gatekeeper/web/tests/e2e/tests/01-wallet-connection.spec.ts:184:33

    attachment #1: screenshot (image/png) ──────────────────────────────────────────────────────────
    ../../test-results/tests-01-wallet-connection-b0507-nnection-on-mobile-viewport-chromium/test-failed-1.png
    ────────────────────────────────────────────────────────────────────────────────────────────────

    attachment #2: video (video/webm) ──────────────────────────────────────────────────────────────
    ../../test-results/tests-01-wallet-connection-b0507-nnection-on-mobile-viewport-chromium/video.webm
    ────────────────────────────────────────────────────────────────────────────────────────────────

    Error Context: ../../test-results/tests-01-wallet-connection-b0507-nnection-on-mobile-viewport-chromium/error-context.md
]]>
</failure>
<system-out>
<![CDATA[
[[ATTACHMENT|tests-01-wallet-connection-b0507-nnection-on-mobile-viewport-chromium/test-failed-1.png]]

[[ATTACHMENT|tests-01-wallet-connection-b0507-nnection-on-mobile-viewport-chromium/video.webm]]

[[ATTACHMENT|tests-01-wallet-connection-b0507-nnection-on-mobile-viewport-chromium/error-context.md]]
]]>
</system-out>
</testcase>
<testcase name="Wallet Connection - Responsive Design › should open mobile-optimized wallet modal" classname="tests/01-wallet-connection.spec.ts" time="30.655">
<failure message="01-wallet-connection.spec.ts:187:3 should open mobile-optimized wallet modal" type="FAILURE">
<![CDATA[  [chromium] › tests/01-wallet-connection.spec.ts:187:3 › Wallet Connection - Responsive Design › should open mobile-optimized wallet modal 

    Test timeout of 30000ms exceeded.

    Error: locator.click: Test timeout of 30000ms exceeded.
    Call log:
      - waiting for getByTestId('rk-connect-button').first()
        - locator resolved to <button type="button" data-testid="rk-connect-button" class="iekbcc0 iekbcc9 ju367v78 ju367v7t ju367v9i ju367vn ju367vei ju367vf3 ju367v16 ju367v1h ju367v2g ju367v8u _12cbo8i3 ju367v8r _12cbo8i4 _12cbo8i6">Connect Wallet</button>
      - attempting click action
        2 × waiting for element to be visible, enabled and stable
          - element is not visible
        - retrying click action
        - waiting 20ms
        2 × waiting for element to be visible, enabled and stable
          - element is not visible
        - retrying click action
          - waiting 100ms
        57 × waiting for element to be visible, enabled and stable
           - element is not visible
         - retrying click action
           - waiting 500ms


      192 |     // Click connect wallet button
      193 |     const connectButton = page.getByTestId('rk-connect-button').first();
    > 194 |     await connectButton.click();
          |                         ^
      195 |
      196 |     // Verify RainbowKit mobile modal appears
      197 |     await expect(page.locator('[data-rk]').first()).toBeVisible({ timeout: 5000 });
        at /Users/danwilliams/Documents/web3/gatekeeper/web/tests/e2e/tests/01-wallet-connection.spec.ts:194:25

    attachment #1: screenshot (image/png) ──────────────────────────────────────────────────────────
    ../../test-results/tests-01-wallet-connection-34fbc-bile-optimized-wallet-modal-chromium/test-failed-1.png
    ────────────────────────────────────────────────────────────────────────────────────────────────

    attachment #2: video (video/webm) ──────────────────────────────────────────────────────────────
    ../../test-results/tests-01-wallet-connection-34fbc-bile-optimized-wallet-modal-chromium/video.webm
    ────────────────────────────────────────────────────────────────────────────────────────────────

    Error Context: ../../test-results/tests-01-wallet-connection-34fbc-bile-optimized-wallet-modal-chromium/error-context.md
]]>
</failure>
<system-out>
<![CDATA[
[[ATTACHMENT|tests-01-wallet-connection-34fbc-bile-optimized-wallet-modal-chromium/test-failed-1.png]]

[[ATTACHMENT|tests-01-wallet-connection-34fbc-bile-optimized-wallet-modal-chromium/video.webm]]

[[ATTACHMENT|tests-01-wallet-connection-34fbc-bile-optimized-wallet-modal-chromium/error-context.md]]
]]>
</system-out>
</testcase>
</testsuite>
<testsuite name="tests/02-siwe-authentication.spec.ts" timestamp="2025-11-01T07:49:58.266Z" hostname="chromium" tests="14" failures="4" skipped="0" time="32.539" errors="0">
<testcase name="SIWE Authentication Flow › should retrieve SIWE nonce from backend" classname="tests/02-siwe-authentication.spec.ts" time="0.469">
</testcase>
<testcase name="SIWE Authentication Flow › should display SIWE message after wallet connection" classname="tests/02-siwe-authentication.spec.ts" time="6.78">
<failure message="02-siwe-authentication.spec.ts:31:3 should display SIWE message after wallet connection" type="FAILURE">
<![CDATA[  [chromium] › tests/02-siwe-authentication.spec.ts:31:3 › SIWE Authentication Flow › should display SIWE message after wallet connection 

    Error: expect(locator).toBeVisible() failed

    Locator: getByRole('button', { name: /sign.*message|sign.*in/i }).first()
    Expected: visible
    Timeout: 5000ms
    Error: element(s) not found

    Call log:
      - Expect "toBeVisible" with timeout 5000ms
      - waiting for getByRole('button', { name: /sign.*message|sign.*in/i }).first()


      44 |
      45 |     // Button should be visible for connected but unauthenticated users
    > 46 |     await expect(signInButton).toBeVisible({ timeout: 5000 });
         |                                ^
      47 |   });
      48 |
      49 |   test('should generate valid SIWE message with correct fields', async ({ page, context }) => {
        at /Users/danwilliams/Documents/web3/gatekeeper/web/tests/e2e/tests/02-siwe-authentication.spec.ts:46:32

    attachment #1: screenshot (image/png) ──────────────────────────────────────────────────────────
    ../../test-results/tests-02-siwe-authenticati-3d28c-age-after-wallet-connection-chromium/test-failed-1.png
    ────────────────────────────────────────────────────────────────────────────────────────────────

    attachment #2: video (video/webm) ──────────────────────────────────────────────────────────────
    ../../test-results/tests-02-siwe-authenticati-3d28c-age-after-wallet-connection-chromium/video.webm
    ────────────────────────────────────────────────────────────────────────────────────────────────

    Error Context: ../../test-results/tests-02-siwe-authenticati-3d28c-age-after-wallet-connection-chromium/error-context.md
]]>
</failure>
<system-out>
<![CDATA[
[[ATTACHMENT|tests-02-siwe-authenticati-3d28c-age-after-wallet-connection-chromium/test-failed-1.png]]

[[ATTACHMENT|tests-02-siwe-authenticati-3d28c-age-after-wallet-connection-chromium/video.webm]]

[[ATTACHMENT|tests-02-siwe-authenticati-3d28c-age-after-wallet-connection-chromium/error-context.md]]
]]>
</system-out>
</testcase>
<testcase name="SIWE Authentication Flow › should generate valid SIWE message with correct fields" classname="tests/02-siwe-authentication.spec.ts" time="1.649">
</testcase>
<testcase name="SIWE Authentication Flow › should handle successful SIWE signature and receive JWT" classname="tests/02-siwe-authentication.spec.ts" time="1.537">
</testcase>
<testcase name="SIWE Authentication Flow › should store JWT token in localStorage after authentication" classname="tests/02-siwe-authentication.spec.ts" time="0.532">
</testcase>
<testcase name="SIWE Authentication Flow › should handle signature rejection gracefully" classname="tests/02-siwe-authentication.spec.ts" time="6.769">
<failure message="02-siwe-authentication.spec.ts:107:3 should handle signature rejection gracefully" type="FAILURE">
<![CDATA[  [chromium] › tests/02-siwe-authentication.spec.ts:107:3 › SIWE Authentication Flow › should handle signature rejection gracefully 

    Error: expect(locator).toBeVisible() failed

    Locator: getByRole('button', { name: /sign.*message|sign.*in/i })
    Expected: visible
    Timeout: 5000ms
    Error: element(s) not found

    Call log:
      - Expect "toBeVisible" with timeout 5000ms
      - waiting for getByRole('button', { name: /sign.*message|sign.*in/i })


      118 |     // User should still be able to see the sign-in option
      119 |     const signInButton = page.getByRole('button', { name: /sign.*message|sign.*in/i });
    > 120 |     await expect(signInButton).toBeVisible({ timeout: 5000 });
          |                                ^
      121 |   });
      122 |
      123 |   test('should display error message on invalid signature', async ({ page, context, request }) => {
        at /Users/danwilliams/Documents/web3/gatekeeper/web/tests/e2e/tests/02-siwe-authentication.spec.ts:120:32

    attachment #1: screenshot (image/png) ──────────────────────────────────────────────────────────
    ../../test-results/tests-02-siwe-authenticati-3c2e2-nature-rejection-gracefully-chromium/test-failed-1.png
    ────────────────────────────────────────────────────────────────────────────────────────────────

    attachment #2: video (video/webm) ──────────────────────────────────────────────────────────────
    ../../test-results/tests-02-siwe-authenticati-3c2e2-nature-rejection-gracefully-chromium/video.webm
    ────────────────────────────────────────────────────────────────────────────────────────────────

    Error Context: ../../test-results/tests-02-siwe-authenticati-3c2e2-nature-rejection-gracefully-chromium/error-context.md
]]>
</failure>
<system-out>
<![CDATA[
[[ATTACHMENT|tests-02-siwe-authenticati-3c2e2-nature-rejection-gracefully-chromium/test-failed-1.png]]

[[ATTACHMENT|tests-02-siwe-authenticati-3c2e2-nature-rejection-gracefully-chromium/video.webm]]

[[ATTACHMENT|tests-02-siwe-authenticati-3c2e2-nature-rejection-gracefully-chromium/error-context.md]]
]]>
</system-out>
</testcase>
<testcase name="SIWE Authentication Flow › should display error message on invalid signature" classname="tests/02-siwe-authentication.spec.ts" time="0.559">
</testcase>
<testcase name="SIWE Authentication Flow › should persist authentication state across page refreshes" classname="tests/02-siwe-authentication.spec.ts" time="2.689">
</testcase>
<testcase name="SIWE Authentication Flow › should handle token expiration" classname="tests/02-siwe-authentication.spec.ts" time="6.766">
<failure message="02-siwe-authentication.spec.ts:160:3 should handle token expiration" type="FAILURE">
<![CDATA[  [chromium] › tests/02-siwe-authentication.spec.ts:160:3 › SIWE Authentication Flow › should handle token expiration 

    Error: expect(locator).toBeVisible() failed

    Locator: getByRole('button', { name: /sign.*message|sign.*in/i })
    Expected: visible
    Timeout: 5000ms
    Error: element(s) not found

    Call log:
      - Expect "toBeVisible" with timeout 5000ms
      - waiting for getByRole('button', { name: /sign.*message|sign.*in/i })


      172 |     // Should prompt to sign in again
      173 |     const signInButton = page.getByRole('button', { name: /sign.*message|sign.*in/i });
    > 174 |     await expect(signInButton).toBeVisible({ timeout: 5000 });
          |                                ^
      175 |   });
      176 |
      177 |   test('should include chain ID in SIWE message', async ({ page, context }) => {
        at /Users/danwilliams/Documents/web3/gatekeeper/web/tests/e2e/tests/02-siwe-authentication.spec.ts:174:32

    attachment #1: screenshot (image/png) ──────────────────────────────────────────────────────────
    ../../test-results/tests-02-siwe-authenticati-31bc0-uld-handle-token-expiration-chromium/test-failed-1.png
    ────────────────────────────────────────────────────────────────────────────────────────────────

    attachment #2: video (video/webm) ──────────────────────────────────────────────────────────────
    ../../test-results/tests-02-siwe-authenticati-31bc0-uld-handle-token-expiration-chromium/video.webm
    ────────────────────────────────────────────────────────────────────────────────────────────────

    Error Context: ../../test-results/tests-02-siwe-authenticati-31bc0-uld-handle-token-expiration-chromium/error-context.md
]]>
</failure>
<system-out>
<![CDATA[
[[ATTACHMENT|tests-02-siwe-authenticati-31bc0-uld-handle-token-expiration-chromium/test-failed-1.png]]

[[ATTACHMENT|tests-02-siwe-authenticati-31bc0-uld-handle-token-expiration-chromium/video.webm]]

[[ATTACHMENT|tests-02-siwe-authenticati-31bc0-uld-handle-token-expiration-chromium/error-context.md]]
]]>
</system-out>
</testcase>
<testcase name="SIWE Authentication Flow › should include chain ID in SIWE message" classname="tests/02-siwe-authentication.spec.ts" time="0.542">
</testcase>
<testcase name="SIWE Authentication Flow › should verify backend validates SIWE signature correctly" classname="tests/02-siwe-authentication.spec.ts" time="0.475">
<failure message="02-siwe-authentication.spec.ts:191:3 should verify backend validates SIWE signature correctly" type="FAILURE">
<![CDATA[  [chromium] › tests/02-siwe-authentication.spec.ts:191:3 › SIWE Authentication Flow › should verify backend validates SIWE signature correctly 

    Error: expect(received).toContain(expected) // indexOf

    Expected value: 404
    Received array: [200, 400, 401]

      202 |
      203 |     // Should return 400 for invalid signature
    > 204 |     expect([200, 400, 401]).toContain(response.status());
          |                             ^
      205 |   });
      206 | });
      207 |
        at /Users/danwilliams/Documents/web3/gatekeeper/web/tests/e2e/tests/02-siwe-authentication.spec.ts:204:29

    attachment #1: screenshot (image/png) ──────────────────────────────────────────────────────────
    ../../test-results/tests-02-siwe-authenticati-c40d8-es-SIWE-signature-correctly-chromium/test-failed-1.png
    ────────────────────────────────────────────────────────────────────────────────────────────────

    attachment #2: video (video/webm) ──────────────────────────────────────────────────────────────
    ../../test-results/tests-02-siwe-authenticati-c40d8-es-SIWE-signature-correctly-chromium/video.webm
    ────────────────────────────────────────────────────────────────────────────────────────────────

    Error Context: ../../test-results/tests-02-siwe-authenticati-c40d8-es-SIWE-signature-correctly-chromium/error-context.md
]]>
</failure>
<system-out>
<![CDATA[
[[ATTACHMENT|tests-02-siwe-authenticati-c40d8-es-SIWE-signature-correctly-chromium/test-failed-1.png]]

[[ATTACHMENT|tests-02-siwe-authenticati-c40d8-es-SIWE-signature-correctly-chromium/video.webm]]

[[ATTACHMENT|tests-02-siwe-authenticati-c40d8-es-SIWE-signature-correctly-chromium/error-context.md]]
]]>
</system-out>
</testcase>
<testcase name="SIWE Authentication - Security › should not expose JWT token in URL or query parameters" classname="tests/02-siwe-authentication.spec.ts" time="0.389">
</testcase>
<testcase name="SIWE Authentication - Security › should clear authentication state on logout" classname="tests/02-siwe-authentication.spec.ts" time="1.978">
</testcase>
<testcase name="SIWE Authentication - Security › should not allow access to protected routes without JWT" classname="tests/02-siwe-authentication.spec.ts" time="1.405">
</testcase>
</testsuite>
<testsuite name="tests/03-api-key-management.spec.ts" timestamp="2025-11-01T07:49:58.266Z" hostname="chromium" tests="20" failures="8" skipped="0" time="211.427" errors="0">
<testcase name="API Key Management - Dashboard › should display API Keys navigation link when authenticated" classname="tests/03-api-key-management.spec.ts" time="1.374">
</testcase>
<testcase name="API Key Management - Dashboard › should navigate to API Keys page" classname="tests/03-api-key-management.spec.ts" time="6.283">
<failure message="03-api-key-management.spec.ts:31:3 should navigate to API Keys page" type="FAILURE">
<![CDATA[  [chromium] › tests/03-api-key-management.spec.ts:31:3 › API Key Management - Dashboard › should navigate to API Keys page 

    Error: expect(locator).toBeVisible() failed

    Locator: getByRole('heading', { name: /api.*keys/i })
    Expected: visible
    Timeout: 5000ms
    Error: element(s) not found

    Call log:
      - Expect "toBeVisible" with timeout 5000ms
      - waiting for getByRole('heading', { name: /api.*keys/i })


      45 |     // Page should have heading
      46 |     const heading = page.getByRole('heading', { name: /api.*keys/i });
    > 47 |     await expect(heading).toBeVisible({ timeout: 5000 });
         |                           ^
      48 |   });
      49 |
      50 |   test('should display empty state when no API keys exist', async ({ page, context }) => {
        at /Users/danwilliams/Documents/web3/gatekeeper/web/tests/e2e/tests/03-api-key-management.spec.ts:47:27

    attachment #1: screenshot (image/png) ──────────────────────────────────────────────────────────
    ../../test-results/tests-03-api-key-managemen-7c019-d-navigate-to-API-Keys-page-chromium/test-failed-1.png
    ────────────────────────────────────────────────────────────────────────────────────────────────

    attachment #2: video (video/webm) ──────────────────────────────────────────────────────────────
    ../../test-results/tests-03-api-key-managemen-7c019-d-navigate-to-API-Keys-page-chromium/video.webm
    ────────────────────────────────────────────────────────────────────────────────────────────────

    Error Context: ../../test-results/tests-03-api-key-managemen-7c019-d-navigate-to-API-Keys-page-chromium/error-context.md
]]>
</failure>
<system-out>
<![CDATA[
[[ATTACHMENT|tests-03-api-key-managemen-7c019-d-navigate-to-API-Keys-page-chromium/test-failed-1.png]]

[[ATTACHMENT|tests-03-api-key-managemen-7c019-d-navigate-to-API-Keys-page-chromium/video.webm]]

[[ATTACHMENT|tests-03-api-key-managemen-7c019-d-navigate-to-API-Keys-page-chromium/error-context.md]]
]]>
</system-out>
</testcase>
<testcase name="API Key Management - Dashboard › should display empty state when no API keys exist" classname="tests/03-api-key-management.spec.ts" time="6.262">
<failure message="03-api-key-management.spec.ts:50:3 should display empty state when no API keys exist" type="FAILURE">
<![CDATA[  [chromium] › tests/03-api-key-management.spec.ts:50:3 › API Key Management - Dashboard › should display empty state when no API keys exist 

    Error: expect(locator).toBeVisible() failed

    Locator: getByText(/no.*api.*keys|create.*first.*key|get.*started/i).or(getByRole('button', { name: /create.*api.*key|new.*key/i }))
    Expected: visible
    Timeout: 5000ms
    Error: element(s) not found

    Call log:
      - Expect "toBeVisible" with timeout 5000ms
      - waiting for getByText(/no.*api.*keys|create.*first.*key|get.*started/i).or(getByRole('button', { name: /create.*api.*key|new.*key/i }))


      64 |
      65 |     // Either empty state or create button should be visible
    > 66 |     await expect(emptyState.or(createButton)).toBeVisible({ timeout: 5000 });
         |                                               ^
      67 |   });
      68 | });
      69 |
        at /Users/danwilliams/Documents/web3/gatekeeper/web/tests/e2e/tests/03-api-key-management.spec.ts:66:47

    attachment #1: screenshot (image/png) ──────────────────────────────────────────────────────────
    ../../test-results/tests-03-api-key-managemen-cd828-tate-when-no-API-keys-exist-chromium/test-failed-1.png
    ────────────────────────────────────────────────────────────────────────────────────────────────

    attachment #2: video (video/webm) ──────────────────────────────────────────────────────────────
    ../../test-results/tests-03-api-key-managemen-cd828-tate-when-no-API-keys-exist-chromium/video.webm
    ────────────────────────────────────────────────────────────────────────────────────────────────

    Error Context: ../../test-results/tests-03-api-key-managemen-cd828-tate-when-no-API-keys-exist-chromium/error-context.md
]]>
</failure>
<system-out>
<![CDATA[
[[ATTACHMENT|tests-03-api-key-managemen-cd828-tate-when-no-API-keys-exist-chromium/test-failed-1.png]]

[[ATTACHMENT|tests-03-api-key-managemen-cd828-tate-when-no-API-keys-exist-chromium/video.webm]]

[[ATTACHMENT|tests-03-api-key-managemen-cd828-tate-when-no-API-keys-exist-chromium/error-context.md]]
]]>
</system-out>
</testcase>
<testcase name="API Key Management - Creation Flow › should open create API key modal/form" classname="tests/03-api-key-management.spec.ts" time="30.638">
<failure message="03-api-key-management.spec.ts:71:3 should open create API key modal/form" type="FAILURE">
<![CDATA[  [chromium] › tests/03-api-key-management.spec.ts:71:3 › API Key Management - Creation Flow › should open create API key modal/form 

    Test timeout of 30000ms exceeded.

    Error: locator.click: Test timeout of 30000ms exceeded.
    Call log:
      - waiting for getByTestId('toggle-create-form-button')


      82 |     // Click create API key button
      83 |     const createButton = page.getByTestId('toggle-create-form-button');
    > 84 |     await createButton.click();
         |                        ^
      85 |
      86 |     // Verify form appears
      87 |     await expect(page.getByTestId('create-api-key-form')).toBeVisible({ timeout: 5000 });
        at /Users/danwilliams/Documents/web3/gatekeeper/web/tests/e2e/tests/03-api-key-management.spec.ts:84:24

    attachment #1: screenshot (image/png) ──────────────────────────────────────────────────────────
    ../../test-results/tests-03-api-key-managemen-c8809-n-create-API-key-modal-form-chromium/test-failed-1.png
    ────────────────────────────────────────────────────────────────────────────────────────────────

    attachment #2: video (video/webm) ──────────────────────────────────────────────────────────────
    ../../test-results/tests-03-api-key-managemen-c8809-n-create-API-key-modal-form-chromium/video.webm
    ────────────────────────────────────────────────────────────────────────────────────────────────

    Error Context: ../../test-results/tests-03-api-key-managemen-c8809-n-create-API-key-modal-form-chromium/error-context.md
]]>
</failure>
<system-out>
<![CDATA[
[[ATTACHMENT|tests-03-api-key-managemen-c8809-n-create-API-key-modal-form-chromium/test-failed-1.png]]

[[ATTACHMENT|tests-03-api-key-managemen-c8809-n-create-API-key-modal-form-chromium/video.webm]]

[[ATTACHMENT|tests-03-api-key-managemen-c8809-n-create-API-key-modal-form-chromium/error-context.md]]
]]>
</system-out>
</testcase>
<testcase name="API Key Management - Creation Flow › should require API key name" classname="tests/03-api-key-management.spec.ts" time="31.126">
<failure message="03-api-key-management.spec.ts:90:3 should require API key name" type="FAILURE">
<![CDATA[  [chromium] › tests/03-api-key-management.spec.ts:90:3 › API Key Management - Creation Flow › should require API key name 

    Test timeout of 30000ms exceeded.

    Error: locator.click: Test timeout of 30000ms exceeded.
    Call log:
      - waiting for getByTestId('toggle-create-form-button')


      101 |     // Click create API key button
      102 |     const createButton = page.getByTestId('toggle-create-form-button');
    > 103 |     await createButton.click();
          |                        ^
      104 |
      105 |     // Form should have name input
      106 |     const nameInput = page.getByTestId('api-key-name-input');
        at /Users/danwilliams/Documents/web3/gatekeeper/web/tests/e2e/tests/03-api-key-management.spec.ts:103:24

    attachment #1: screenshot (image/png) ──────────────────────────────────────────────────────────
    ../../test-results/tests-03-api-key-managemen-11ef2-should-require-API-key-name-chromium/test-failed-1.png
    ────────────────────────────────────────────────────────────────────────────────────────────────

    attachment #2: video (video/webm) ──────────────────────────────────────────────────────────────
    ../../test-results/tests-03-api-key-managemen-11ef2-should-require-API-key-name-chromium/video.webm
    ────────────────────────────────────────────────────────────────────────────────────────────────

    Error Context: ../../test-results/tests-03-api-key-managemen-11ef2-should-require-API-key-name-chromium/error-context.md
]]>
</failure>
<system-out>
<![CDATA[
[[ATTACHMENT|tests-03-api-key-managemen-11ef2-should-require-API-key-name-chromium/test-failed-1.png]]

[[ATTACHMENT|tests-03-api-key-managemen-11ef2-should-require-API-key-name-chromium/video.webm]]

[[ATTACHMENT|tests-03-api-key-managemen-11ef2-should-require-API-key-name-chromium/error-context.md]]
]]>
</system-out>
</testcase>
<testcase name="API Key Management - Creation Flow › should allow setting API key name" classname="tests/03-api-key-management.spec.ts" time="30.794">
<failure message="03-api-key-management.spec.ts:114:3 should allow setting API key name" type="FAILURE">
<![CDATA[  [chromium] › tests/03-api-key-management.spec.ts:114:3 › API Key Management - Creation Flow › should allow setting API key name 

    Test timeout of 30000ms exceeded.

    Error: locator.click: Test timeout of 30000ms exceeded.
    Call log:
      - waiting for getByTestId('toggle-create-form-button')


      125 |     // Click create API key button
      126 |     const createButton = page.getByTestId('toggle-create-form-button');
    > 127 |     await createButton.click();
          |                        ^
      128 |
      129 |     // Fill in name
      130 |     const nameInput = page.getByTestId('api-key-name-input');
        at /Users/danwilliams/Documents/web3/gatekeeper/web/tests/e2e/tests/03-api-key-management.spec.ts:127:24

    attachment #1: screenshot (image/png) ──────────────────────────────────────────────────────────
    ../../test-results/tests-03-api-key-managemen-2dcaa--allow-setting-API-key-name-chromium/test-failed-1.png
    ────────────────────────────────────────────────────────────────────────────────────────────────

    attachment #2: video (video/webm) ──────────────────────────────────────────────────────────────
    ../../test-results/tests-03-api-key-managemen-2dcaa--allow-setting-API-key-name-chromium/video.webm
    ────────────────────────────────────────────────────────────────────────────────────────────────

    Error Context: ../../test-results/tests-03-api-key-managemen-2dcaa--allow-setting-API-key-name-chromium/error-context.md
]]>
</failure>
<system-out>
<![CDATA[
[[ATTACHMENT|tests-03-api-key-managemen-2dcaa--allow-setting-API-key-name-chromium/test-failed-1.png]]

[[ATTACHMENT|tests-03-api-key-managemen-2dcaa--allow-setting-API-key-name-chromium/video.webm]]

[[ATTACHMENT|tests-03-api-key-managemen-2dcaa--allow-setting-API-key-name-chromium/error-context.md]]
]]>
</system-out>
</testcase>
<testcase name="API Key Management - Creation Flow › should display scope/permission options" classname="tests/03-api-key-management.spec.ts" time="30.65">
<failure message="03-api-key-management.spec.ts:138:3 should display scope/permission options" type="FAILURE">
<![CDATA[  [chromium] › tests/03-api-key-management.spec.ts:138:3 › API Key Management - Creation Flow › should display scope/permission options 

    Test timeout of 30000ms exceeded.

    Error: locator.click: Test timeout of 30000ms exceeded.
    Call log:
      - waiting for getByTestId('toggle-create-form-button')


      149 |     // Click create API key button
      150 |     const createButton = page.getByTestId('toggle-create-form-button');
    > 151 |     await createButton.click();
          |                        ^
      152 |
      153 |     // Scopes input should be visible
      154 |     const scopesInput = page.getByTestId('api-key-scopes-input');
        at /Users/danwilliams/Documents/web3/gatekeeper/web/tests/e2e/tests/03-api-key-management.spec.ts:151:24

    attachment #1: screenshot (image/png) ──────────────────────────────────────────────────────────
    ../../test-results/tests-03-api-key-managemen-796b0-ay-scope-permission-options-chromium/test-failed-1.png
    ────────────────────────────────────────────────────────────────────────────────────────────────

    attachment #2: video (video/webm) ──────────────────────────────────────────────────────────────
    ../../test-results/tests-03-api-key-managemen-796b0-ay-scope-permission-options-chromium/video.webm
    ────────────────────────────────────────────────────────────────────────────────────────────────

    Error Context: ../../test-results/tests-03-api-key-managemen-796b0-ay-scope-permission-options-chromium/error-context.md
]]>
</failure>
<system-out>
<![CDATA[
[[ATTACHMENT|tests-03-api-key-managemen-796b0-ay-scope-permission-options-chromium/test-failed-1.png]]

[[ATTACHMENT|tests-03-api-key-managemen-796b0-ay-scope-permission-options-chromium/video.webm]]

[[ATTACHMENT|tests-03-api-key-managemen-796b0-ay-scope-permission-options-chromium/error-context.md]]
]]>
</system-out>
</testcase>
<testcase name="API Key Management - Creation Flow › should allow selecting multiple scopes" classname="tests/03-api-key-management.spec.ts" time="30.662">
<failure message="03-api-key-management.spec.ts:158:3 should allow selecting multiple scopes" type="FAILURE">
<![CDATA[  [chromium] › tests/03-api-key-management.spec.ts:158:3 › API Key Management - Creation Flow › should allow selecting multiple scopes 

    Test timeout of 30000ms exceeded.

    Error: locator.click: Test timeout of 30000ms exceeded.
    Call log:
      - waiting for getByTestId('toggle-create-form-button')


      169 |     // Click create API key button
      170 |     const createButton = page.getByTestId('toggle-create-form-button');
    > 171 |     await createButton.click();
          |                        ^
      172 |
      173 |     // Fill scopes input with multiple scopes
      174 |     const scopesInput = page.getByTestId('api-key-scopes-input');
        at /Users/danwilliams/Documents/web3/gatekeeper/web/tests/e2e/tests/03-api-key-management.spec.ts:171:24

    attachment #1: screenshot (image/png) ──────────────────────────────────────────────────────────
    ../../test-results/tests-03-api-key-managemen-c02ec-w-selecting-multiple-scopes-chromium/test-failed-1.png
    ────────────────────────────────────────────────────────────────────────────────────────────────

    attachment #2: video (video/webm) ──────────────────────────────────────────────────────────────
    ../../test-results/tests-03-api-key-managemen-c02ec-w-selecting-multiple-scopes-chromium/video.webm
    ────────────────────────────────────────────────────────────────────────────────────────────────

    Error Context: ../../test-results/tests-03-api-key-managemen-c02ec-w-selecting-multiple-scopes-chromium/error-context.md
]]>
</failure>
<system-out>
<![CDATA[
[[ATTACHMENT|tests-03-api-key-managemen-c02ec-w-selecting-multiple-scopes-chromium/test-failed-1.png]]

[[ATTACHMENT|tests-03-api-key-managemen-c02ec-w-selecting-multiple-scopes-chromium/video.webm]]

[[ATTACHMENT|tests-03-api-key-managemen-c02ec-w-selecting-multiple-scopes-chromium/error-context.md]]
]]>
</system-out>
</testcase>
<testcase name="API Key Management - Creation Flow › should validate API key name length" classname="tests/03-api-key-management.spec.ts" time="30.723">
<failure message="03-api-key-management.spec.ts:182:3 should validate API key name length" type="FAILURE">
<![CDATA[  [chromium] › tests/03-api-key-management.spec.ts:182:3 › API Key Management - Creation Flow › should validate API key name length 

    Test timeout of 30000ms exceeded.

    Error: locator.click: Test timeout of 30000ms exceeded.
    Call log:
      - waiting for getByTestId('toggle-create-form-button')


      193 |     // Click create API key button
      194 |     const createButton = page.getByTestId('toggle-create-form-button');
    > 195 |     await createButton.click();
          |                        ^
      196 |
      197 |     // Try very long name
      198 |     const nameInput = page.getByTestId('api-key-name-input');
        at /Users/danwilliams/Documents/web3/gatekeeper/web/tests/e2e/tests/03-api-key-management.spec.ts:195:24

    attachment #1: screenshot (image/png) ──────────────────────────────────────────────────────────
    ../../test-results/tests-03-api-key-managemen-d9b60-alidate-API-key-name-length-chromium/test-failed-1.png
    ────────────────────────────────────────────────────────────────────────────────────────────────

    attachment #2: video (video/webm) ──────────────────────────────────────────────────────────────
    ../../test-results/tests-03-api-key-managemen-d9b60-alidate-API-key-name-length-chromium/video.webm
    ────────────────────────────────────────────────────────────────────────────────────────────────

    Error Context: ../../test-results/tests-03-api-key-managemen-d9b60-alidate-API-key-name-length-chromium/error-context.md
]]>
</failure>
<system-out>
<![CDATA[
[[ATTACHMENT|tests-03-api-key-managemen-d9b60-alidate-API-key-name-length-chromium/test-failed-1.png]]

[[ATTACHMENT|tests-03-api-key-managemen-d9b60-alidate-API-key-name-length-chromium/video.webm]]

[[ATTACHMENT|tests-03-api-key-managemen-d9b60-alidate-API-key-name-length-chromium/error-context.md]]
]]>
</system-out>
</testcase>
<testcase name="API Key Management - Creation Flow › should display generated API key after creation" classname="tests/03-api-key-management.spec.ts" time="0.231">
</testcase>
<testcase name="API Key Management - Creation Flow › should provide copy-to-clipboard for new API key" classname="tests/03-api-key-management.spec.ts" time="0.127">
</testcase>
<testcase name="API Key Management - Listing &amp; Display › should display existing API keys in a table/list" classname="tests/03-api-key-management.spec.ts" time="2.22">
</testcase>
<testcase name="API Key Management - Listing &amp; Display › should show API key metadata (name, created date, scopes)" classname="tests/03-api-key-management.spec.ts" time="0.109">
</testcase>
<testcase name="API Key Management - Listing &amp; Display › should mask API key values in listing" classname="tests/03-api-key-management.spec.ts" time="1.14">
</testcase>
<testcase name="API Key Management - Listing &amp; Display › should display scopes as badges/tags" classname="tests/03-api-key-management.spec.ts" time="1.141">
</testcase>
<testcase name="API Key Management - Revocation › should show revoke/delete button for each API key" classname="tests/03-api-key-management.spec.ts" time="2.169">
</testcase>
<testcase name="API Key Management - Revocation › should show confirmation dialog before revoking key" classname="tests/03-api-key-management.spec.ts" time="1.285">
</testcase>
<testcase name="API Key Management - Revocation › should allow canceling revocation" classname="tests/03-api-key-management.spec.ts" time="1.144">
</testcase>
<testcase name="API Key Management - Permissions › should not allow non-authenticated users to access API keys page" classname="tests/03-api-key-management.spec.ts" time="2.207">
</testcase>
<testcase name="API Key Management - Permissions › should display API key count/usage statistics" classname="tests/03-api-key-management.spec.ts" time="1.142">
</testcase>
</testsuite>
<testsuite name="tests/04-complete-journey.spec.ts" timestamp="2025-11-01T07:49:58.266Z" hostname="chromium" tests="16" failures="4" skipped="0" time="70.109" errors="0">
<testcase name="Complete User Journey - New User Flow › should complete full journey: Connect → Sign → Create API Key" classname="tests/04-complete-journey.spec.ts" time="1.511">
<failure message="04-complete-journey.spec.ts:12:3 should complete full journey: Connect → Sign → Create API Key" type="FAILURE">
<![CDATA[  [chromium] › tests/04-complete-journey.spec.ts:12:3 › Complete User Journey - New User Flow › should complete full journey: Connect → Sign → Create API Key 

    Error: expect(locator).toBeVisible() failed

    Locator: getByRole('heading', { name: /gatekeeper/i })
    Expected: visible
    Error: strict mode violation: getByRole('heading', { name: /gatekeeper/i }) resolved to 2 elements:
        1) <h1 class="text-4xl md:text-6xl font-bold text-gray-900 dark:text-white">…</h1> aka getByRole('heading', { name: 'Welcome to Gatekeeper' })
        2) <h3 class="text-sm font-semibold text-gray-900 dark:text-white mb-3">Gatekeeper</h3> aka getByRole('heading', { name: 'Gatekeeper', exact: true })

    Call log:
      - Expect "toBeVisible" with timeout 5000ms
      - waiting for getByRole('heading', { name: /gatekeeper/i })


      16 |
      17 |     // Verify homepage loads
    > 18 |     await expect(page.getByRole('heading', { name: /gatekeeper/i })).toBeVisible({ timeout: 5000 });
         |                                                                      ^
      19 |
      20 |     // Step 2: Verify connect wallet button is visible
      21 |     const connectButton = page.getByTestId('rk-connect-button').first();
        at /Users/danwilliams/Documents/web3/gatekeeper/web/tests/e2e/tests/04-complete-journey.spec.ts:18:70

    attachment #1: screenshot (image/png) ──────────────────────────────────────────────────────────
    ../../test-results/tests-04-complete-journey--60895-ect-→-Sign-→-Create-API-Key-chromium/test-failed-1.png
    ────────────────────────────────────────────────────────────────────────────────────────────────

    attachment #2: video (video/webm) ──────────────────────────────────────────────────────────────
    ../../test-results/tests-04-complete-journey--60895-ect-→-Sign-→-Create-API-Key-chromium/video.webm
    ────────────────────────────────────────────────────────────────────────────────────────────────

    Error Context: ../../test-results/tests-04-complete-journey--60895-ect-→-Sign-→-Create-API-Key-chromium/error-context.md
]]>
</failure>
<system-out>
<![CDATA[
[[ATTACHMENT|tests-04-complete-journey--60895-ect-→-Sign-→-Create-API-Key-chromium/test-failed-1.png]]

[[ATTACHMENT|tests-04-complete-journey--60895-ect-→-Sign-→-Create-API-Key-chromium/video.webm]]

[[ATTACHMENT|tests-04-complete-journey--60895-ect-→-Sign-→-Create-API-Key-chromium/error-context.md]]
]]>
</system-out>
</testcase>
<testcase name="Complete User Journey - New User Flow › should persist authentication across multiple page navigations" classname="tests/04-complete-journey.spec.ts" time="3.511">
<failure message="04-complete-journey.spec.ts:77:3 should persist authentication across multiple page navigations" type="FAILURE">
<![CDATA[  [chromium] › tests/04-complete-journey.spec.ts:77:3 › Complete User Journey - New User Flow › should persist authentication across multiple page navigations 

    Error: locator.isVisible: Error: strict mode violation: getByRole('link', { name: /^home$/i }).or(getByRole('link', { name: /gatekeeper/i })) resolved to 2 elements:
        1) <a href="/" class="flex items-center space-x-2">…</a> aka getByRole('link', { name: 'G Gatekeeper' })
        2) <a href="/" class="text-gray-700 dark:text-gray-300 hover:text-primary-600 dark:hover:text-primary-400">Home</a> aka getByRole('link', { name: 'Home' })

    Call log:
        - checking visibility of getByRole('link', { name: /^home$/i }).or(getByRole('link', { name: /gatekeeper/i }))


      110 |     const homeLink = page.getByRole('link', { name: /^home$/i }).or(page.getByRole('link', { name: /gatekeeper/i }));
      111 |
    > 112 |     if (await homeLink.isVisible({ timeout: 3000 })) {
          |                        ^
      113 |       await homeLink.click();
      114 |       await page.waitForTimeout(1000);
      115 |
        at /Users/danwilliams/Documents/web3/gatekeeper/web/tests/e2e/tests/04-complete-journey.spec.ts:112:24

    attachment #1: screenshot (image/png) ──────────────────────────────────────────────────────────
    ../../test-results/tests-04-complete-journey--8d6f3-s-multiple-page-navigations-chromium/test-failed-1.png
    ────────────────────────────────────────────────────────────────────────────────────────────────

    attachment #2: video (video/webm) ──────────────────────────────────────────────────────────────
    ../../test-results/tests-04-complete-journey--8d6f3-s-multiple-page-navigations-chromium/video.webm
    ────────────────────────────────────────────────────────────────────────────────────────────────

    Error Context: ../../test-results/tests-04-complete-journey--8d6f3-s-multiple-page-navigations-chromium/error-context.md
]]>
</failure>
<system-out>
<![CDATA[
[[ATTACHMENT|tests-04-complete-journey--8d6f3-s-multiple-page-navigations-chromium/test-failed-1.png]]

[[ATTACHMENT|tests-04-complete-journey--8d6f3-s-multiple-page-navigations-chromium/video.webm]]

[[ATTACHMENT|tests-04-complete-journey--8d6f3-s-multiple-page-navigations-chromium/error-context.md]]
]]>
</system-out>
</testcase>
<testcase name="Complete User Journey - New User Flow › should handle browser refresh while authenticated" classname="tests/04-complete-journey.spec.ts" time="2.538">
</testcase>
<testcase name="Complete User Journey - Returning User Flow › should auto-authenticate returning user with valid token" classname="tests/04-complete-journey.spec.ts" time="6.604">
<failure message="04-complete-journey.spec.ts:148:3 should auto-authenticate returning user with valid token" type="FAILURE">
<![CDATA[  [chromium] › tests/04-complete-journey.spec.ts:148:3 › Complete User Journey - Returning User Flow › should auto-authenticate returning user with valid token 

    Error: expect(locator).not.toBeVisible() failed

    Locator:  getByTestId('rk-connect-button').first()
    Expected: not visible
    Received: visible
    Timeout:  5000ms

    Call log:
      - Expect "not toBeVisible" with timeout 5000ms
      - waiting for getByTestId('rk-connect-button').first()
        9 × locator resolved to <button type="button" data-testid="rk-connect-button" class="iekbcc0 iekbcc9 ju367v78 ju367v7t ju367v9i ju367vn ju367vei ju367vf3 ju367v16 ju367v1h ju367v2g ju367v8u _12cbo8i3 ju367v8r _12cbo8i4 _12cbo8i6">Connect Wallet</button>
          - unexpected value "visible"


      165 |     // Should NOT see connect wallet button
      166 |     const connectButton = page.getByTestId('rk-connect-button').first();
    > 167 |     await expect(connectButton).not.toBeVisible();
          |                                     ^
      168 |   });
      169 |
      170 |   test('should prompt re-authentication if token is expired', async ({ page, context }) => {
        at /Users/danwilliams/Documents/web3/gatekeeper/web/tests/e2e/tests/04-complete-journey.spec.ts:167:37

    attachment #1: screenshot (image/png) ──────────────────────────────────────────────────────────
    ../../test-results/tests-04-complete-journey--ab233-rning-user-with-valid-token-chromium/test-failed-1.png
    ────────────────────────────────────────────────────────────────────────────────────────────────

    attachment #2: video (video/webm) ──────────────────────────────────────────────────────────────
    ../../test-results/tests-04-complete-journey--ab233-rning-user-with-valid-token-chromium/video.webm
    ────────────────────────────────────────────────────────────────────────────────────────────────

    Error Context: ../../test-results/tests-04-complete-journey--ab233-rning-user-with-valid-token-chromium/error-context.md
]]>
</failure>
<system-out>
<![CDATA[
[[ATTACHMENT|tests-04-complete-journey--ab233-rning-user-with-valid-token-chromium/test-failed-1.png]]

[[ATTACHMENT|tests-04-complete-journey--ab233-rning-user-with-valid-token-chromium/video.webm]]

[[ATTACHMENT|tests-04-complete-journey--ab233-rning-user-with-valid-token-chromium/error-context.md]]
]]>
</system-out>
</testcase>
<testcase name="Complete User Journey - Returning User Flow › should prompt re-authentication if token is expired" classname="tests/04-complete-journey.spec.ts" time="3.073">
</testcase>
<testcase name="Complete User Journey - Logout Flow › should complete logout and clear all auth state" classname="tests/04-complete-journey.spec.ts" time="2.566">
</testcase>
<testcase name="Complete User Journey - Logout Flow › should redirect to home after logout from protected page" classname="tests/04-complete-journey.spec.ts" time="3.036">
</testcase>
<testcase name="Complete User Journey - Navigation › should navigate between all main sections when authenticated" classname="tests/04-complete-journey.spec.ts" time="4.649">
</testcase>
<testcase name="Complete User Journey - Navigation › should show active navigation state for current page" classname="tests/04-complete-journey.spec.ts" time="1.942">
</testcase>
<testcase name="Complete User Journey - Error Handling › should handle network errors gracefully" classname="tests/04-complete-journey.spec.ts" time="1.424">
</testcase>
<testcase name="Complete User Journey - Error Handling › should handle invalid JWT token gracefully" classname="tests/04-complete-journey.spec.ts" time="1.548">
</testcase>
<testcase name="Complete User Journey - Error Handling › should handle missing localStorage gracefully" classname="tests/04-complete-journey.spec.ts" time="1.469">
</testcase>
<testcase name="Complete User Journey - Mobile Experience › should complete full journey on mobile viewport" classname="tests/04-complete-journey.spec.ts" time="2.524">
</testcase>
<testcase name="Complete User Journey - Mobile Experience › should handle mobile wallet connection" classname="tests/04-complete-journey.spec.ts" time="30.637">
<failure message="04-complete-journey.spec.ts:376:3 should handle mobile wallet connection" type="FAILURE">
<![CDATA[  [chromium] › tests/04-complete-journey.spec.ts:376:3 › Complete User Journey - Mobile Experience › should handle mobile wallet connection 

    Test timeout of 30000ms exceeded.

    Error: locator.click: Test timeout of 30000ms exceeded.
    Call log:
      - waiting for getByTestId('rk-connect-button').first()
        - locator resolved to <button type="button" data-testid="rk-connect-button" class="iekbcc0 iekbcc9 ju367v78 ju367v7t ju367v9i ju367vn ju367vei ju367vf3 ju367v16 ju367v1h ju367v2g ju367v8u _12cbo8i3 ju367v8r _12cbo8i4 _12cbo8i6">Connect Wallet</button>
      - attempting click action
        2 × waiting for element to be visible, enabled and stable
          - element is not visible
        - retrying click action
        - waiting 20ms
        2 × waiting for element to be visible, enabled and stable
          - element is not visible
        - retrying click action
          - waiting 100ms
        55 × waiting for element to be visible, enabled and stable
           - element is not visible
         - retrying click action
           - waiting 500ms


      383 |     // Click connect wallet
      384 |     const connectButton = page.getByTestId('rk-connect-button').first();
    > 385 |     await connectButton.click();
          |                         ^
      386 |
      387 |     // Mobile modal should appear
      388 |     await expect(page.locator('[data-rk]').first()).toBeVisible({ timeout: 5000 });
        at /Users/danwilliams/Documents/web3/gatekeeper/web/tests/e2e/tests/04-complete-journey.spec.ts:385:25

    attachment #1: screenshot (image/png) ──────────────────────────────────────────────────────────
    ../../test-results/tests-04-complete-journey--72444-le-mobile-wallet-connection-chromium/test-failed-1.png
    ────────────────────────────────────────────────────────────────────────────────────────────────

    attachment #2: video (video/webm) ──────────────────────────────────────────────────────────────
    ../../test-results/tests-04-complete-journey--72444-le-mobile-wallet-connection-chromium/video.webm
    ────────────────────────────────────────────────────────────────────────────────────────────────

    Error Context: ../../test-results/tests-04-complete-journey--72444-le-mobile-wallet-connection-chromium/error-context.md
]]>
</failure>
<system-out>
<![CDATA[
[[ATTACHMENT|tests-04-complete-journey--72444-le-mobile-wallet-connection-chromium/test-failed-1.png]]

[[ATTACHMENT|tests-04-complete-journey--72444-le-mobile-wallet-connection-chromium/video.webm]]

[[ATTACHMENT|tests-04-complete-journey--72444-le-mobile-wallet-connection-chromium/error-context.md]]
]]>
</system-out>
</testcase>
<testcase name="Complete User Journey - Performance › should load homepage within acceptable time" classname="tests/04-complete-journey.spec.ts" time="1.323">
</testcase>
<testcase name="Complete User Journey - Performance › should handle rapid navigation without errors" classname="tests/04-complete-journey.spec.ts" time="1.754">
</testcase>
</testsuite>
</testsuites>