<testsuites id="" name="" tests="62" failures="10" skipped="6" errors="0" time="44.316977">
<testsuite name="tests/01-wallet-connection.spec.ts" timestamp="2025-11-01T08:03:32.499Z" hostname="chromium" tests="12" failures="0" skipped="2" time="16.1" errors="0">
<testcase name="Wallet Connection Flow › should display wallet connection button on homepage" classname="tests/01-wallet-connection.spec.ts" time="1.625">
</testcase>
<testcase name="Wallet Connection Flow › should show RainbowKit modal when connect button is clicked" classname="tests/01-wallet-connection.spec.ts" time="1.658">
</testcase>
<testcase name="Wallet Connection Flow › should display wallet provider options in modal" classname="tests/01-wallet-connection.spec.ts" time="1.715">
</testcase>
<testcase name="Wallet Connection Flow › should close modal when cancel/close button is clicked" classname="tests/01-wallet-connection.spec.ts" time="2.066">
</testcase>
<testcase name="Wallet Connection Flow › should handle no wallet provider gracefully" classname="tests/01-wallet-connection.spec.ts" time="0.931">
</testcase>
<testcase name="Wallet Connection Flow › should persist wallet connection state in localStorage" classname="tests/01-wallet-connection.spec.ts" time="2.189">
</testcase>
<testcase name="Wallet Connection Flow › should display proper loading state during connection" classname="tests/01-wallet-connection.spec.ts" time="0.898">
</testcase>
<testcase name="Wallet Connection Flow › should show network selection in wallet modal" classname="tests/01-wallet-connection.spec.ts" time="1.122">
</testcase>
<testcase name="Wallet Connection Flow › should display wallet address in shortened format when connected" classname="tests/01-wallet-connection.spec.ts" time="2.08">
</testcase>
<testcase name="Wallet Connection Flow › should handle connection rejection by user" classname="tests/01-wallet-connection.spec.ts" time="1.816">
</testcase>
<testcase name="Wallet Connection - Responsive Design › should display wallet connection on mobile viewport" classname="tests/01-wallet-connection.spec.ts" time="0">
<properties>
<property name="skip" value="">
</property>
</properties>
<skipped>
</skipped>
</testcase>
<testcase name="Wallet Connection - Responsive Design › should open mobile-optimized wallet modal" classname="tests/01-wallet-connection.spec.ts" time="0">
<properties>
<property name="skip" value="">
</property>
</properties>
<skipped>
</skipped>
</testcase>
</testsuite>
<testsuite name="tests/02-siwe-authentication.spec.ts" timestamp="2025-11-01T08:03:32.499Z" hostname="chromium" tests="14" failures="2" skipped="0" time="26.364" errors="0">
<testcase name="SIWE Authentication Flow › should retrieve SIWE nonce from backend" classname="tests/02-siwe-authentication.spec.ts" time="0.987">
</testcase>
<testcase name="SIWE Authentication Flow › should display SIWE message after wallet connection" classname="tests/02-siwe-authentication.spec.ts" time="1.903">
</testcase>
<testcase name="SIWE Authentication Flow › should generate valid SIWE message with correct fields" classname="tests/02-siwe-authentication.spec.ts" time="1.845">
</testcase>
<testcase name="SIWE Authentication Flow › should handle successful SIWE signature and receive JWT" classname="tests/02-siwe-authentication.spec.ts" time="2.045">
</testcase>
<testcase name="SIWE Authentication Flow › should store JWT token in localStorage after authentication" classname="tests/02-siwe-authentication.spec.ts" time="0.974">
</testcase>
<testcase name="SIWE Authentication Flow › should handle signature rejection gracefully" classname="tests/02-siwe-authentication.spec.ts" time="1.734">
</testcase>
<testcase name="SIWE Authentication Flow › should display error message on invalid signature" classname="tests/02-siwe-authentication.spec.ts" time="0.717">
</testcase>
<testcase name="SIWE Authentication Flow › should persist authentication state across page refreshes" classname="tests/02-siwe-authentication.spec.ts" time="3.139">
</testcase>
<testcase name="SIWE Authentication Flow › should handle token expiration" classname="tests/02-siwe-authentication.spec.ts" time="7.38">
<failure message="02-siwe-authentication.spec.ts:151:3 should handle token expiration" type="FAILURE">
<![CDATA[  [chromium] › tests/02-siwe-authentication.spec.ts:151:3 › SIWE Authentication Flow › should handle token expiration 

    Error: expect(locator).toBeVisible() failed

    Locator: getByRole('heading', { name: /sign.*in.*ethereum/i })
    Expected: visible
    Timeout: 5000ms
    Error: element(s) not found

    Call log:
      - Expect "toBeVisible" with timeout 5000ms
      - waiting for getByRole('heading', { name: /sign.*in.*ethereum/i })


      162 |     // With expired token, app should show SignInFlow for re-authentication
      163 |     const signInCard = page.getByRole('heading', { name: /sign.*in.*ethereum/i });
    > 164 |     await expect(signInCard).toBeVisible({ timeout: 5000 });
          |                              ^
      165 |   });
      166 |
      167 |   test('should include chain ID in SIWE message', async ({ page, context }) => {
        at /Users/danwilliams/Documents/web3/gatekeeper/web/tests/e2e/tests/02-siwe-authentication.spec.ts:164:30

    attachment #1: screenshot (image/png) ──────────────────────────────────────────────────────────
    ../../test-results/tests-02-siwe-authenticati-31bc0-uld-handle-token-expiration-chromium/test-failed-1.png
    ────────────────────────────────────────────────────────────────────────────────────────────────

    attachment #2: video (video/webm) ──────────────────────────────────────────────────────────────
    ../../test-results/tests-02-siwe-authenticati-31bc0-uld-handle-token-expiration-chromium/video.webm
    ────────────────────────────────────────────────────────────────────────────────────────────────

    Error Context: ../../test-results/tests-02-siwe-authenticati-31bc0-uld-handle-token-expiration-chromium/error-context.md
]]>
</failure>
<system-out>
<![CDATA[
[[ATTACHMENT|tests-02-siwe-authenticati-31bc0-uld-handle-token-expiration-chromium/test-failed-1.png]]

[[ATTACHMENT|tests-02-siwe-authenticati-31bc0-uld-handle-token-expiration-chromium/video.webm]]

[[ATTACHMENT|tests-02-siwe-authenticati-31bc0-uld-handle-token-expiration-chromium/error-context.md]]
]]>
</system-out>
</testcase>
<testcase name="SIWE Authentication Flow › should include chain ID in SIWE message" classname="tests/02-siwe-authentication.spec.ts" time="1.032">
</testcase>
<testcase name="SIWE Authentication Flow › should verify backend validates SIWE signature correctly" classname="tests/02-siwe-authentication.spec.ts" time="0.662">
<failure message="02-siwe-authentication.spec.ts:181:3 should verify backend validates SIWE signature correctly" type="FAILURE">
<![CDATA[  [chromium] › tests/02-siwe-authentication.spec.ts:181:3 › SIWE Authentication Flow › should verify backend validates SIWE signature correctly 

    Error: expect(received).toContain(expected) // indexOf

    Expected value: 404
    Received array: [200, 400, 401]

      192 |
      193 |     // Should return 400 for invalid signature
    > 194 |     expect([200, 400, 401]).toContain(response.status());
          |                             ^
      195 |   });
      196 | });
      197 |
        at /Users/danwilliams/Documents/web3/gatekeeper/web/tests/e2e/tests/02-siwe-authentication.spec.ts:194:29

    attachment #1: screenshot (image/png) ──────────────────────────────────────────────────────────
    ../../test-results/tests-02-siwe-authenticati-c40d8-es-SIWE-signature-correctly-chromium/test-failed-1.png
    ────────────────────────────────────────────────────────────────────────────────────────────────

    attachment #2: video (video/webm) ──────────────────────────────────────────────────────────────
    ../../test-results/tests-02-siwe-authenticati-c40d8-es-SIWE-signature-correctly-chromium/video.webm
    ────────────────────────────────────────────────────────────────────────────────────────────────

    Error Context: ../../test-results/tests-02-siwe-authenticati-c40d8-es-SIWE-signature-correctly-chromium/error-context.md
]]>
</failure>
<system-out>
<![CDATA[
[[ATTACHMENT|tests-02-siwe-authenticati-c40d8-es-SIWE-signature-correctly-chromium/test-failed-1.png]]

[[ATTACHMENT|tests-02-siwe-authenticati-c40d8-es-SIWE-signature-correctly-chromium/video.webm]]

[[ATTACHMENT|tests-02-siwe-authenticati-c40d8-es-SIWE-signature-correctly-chromium/error-context.md]]
]]>
</system-out>
</testcase>
<testcase name="SIWE Authentication - Security › should not expose JWT token in URL or query parameters" classname="tests/02-siwe-authentication.spec.ts" time="0.563">
</testcase>
<testcase name="SIWE Authentication - Security › should clear authentication state on logout" classname="tests/02-siwe-authentication.spec.ts" time="1.977">
</testcase>
<testcase name="SIWE Authentication - Security › should not allow access to protected routes without JWT" classname="tests/02-siwe-authentication.spec.ts" time="1.406">
</testcase>
</testsuite>
<testsuite name="tests/03-api-key-management.spec.ts" timestamp="2025-11-01T08:03:32.499Z" hostname="chromium" tests="20" failures="8" skipped="0" time="93.632" errors="0">
<testcase name="API Key Management - Dashboard › should display API Keys navigation link when authenticated" classname="tests/03-api-key-management.spec.ts" time="1.381">
</testcase>
<testcase name="API Key Management - Dashboard › should navigate to API Keys page" classname="tests/03-api-key-management.spec.ts" time="9.9">
<failure message="03-api-key-management.spec.ts:31:3 should navigate to API Keys page" type="FAILURE">
<![CDATA[  [chromium] › tests/03-api-key-management.spec.ts:31:3 › API Key Management - Dashboard › should navigate to API Keys page 

    Error: expect(locator).toBeVisible() failed

    Locator: getByRole('heading', { name: /^api keys$/i })
    Expected: visible
    Timeout: 8000ms
    Error: element(s) not found

    Call log:
      - Expect "toBeVisible" with timeout 8000ms
      - waiting for getByRole('heading', { name: /^api keys$/i })


      45 |     // Page should have the main heading "API Keys"
      46 |     const heading = page.getByRole('heading', { name: /^api keys$/i });
    > 47 |     await expect(heading).toBeVisible({ timeout: 8000 });
         |                           ^
      48 |   });
      49 |
      50 |   test('should display empty state when no API keys exist', async ({ page, context }) => {
        at /Users/danwilliams/Documents/web3/gatekeeper/web/tests/e2e/tests/03-api-key-management.spec.ts:47:27

    attachment #1: screenshot (image/png) ──────────────────────────────────────────────────────────
    ../../test-results/tests-03-api-key-managemen-7c019-d-navigate-to-API-Keys-page-chromium/test-failed-1.png
    ────────────────────────────────────────────────────────────────────────────────────────────────

    attachment #2: video (video/webm) ──────────────────────────────────────────────────────────────
    ../../test-results/tests-03-api-key-managemen-7c019-d-navigate-to-API-Keys-page-chromium/video.webm
    ────────────────────────────────────────────────────────────────────────────────────────────────

    Error Context: ../../test-results/tests-03-api-key-managemen-7c019-d-navigate-to-API-Keys-page-chromium/error-context.md
]]>
</failure>
<system-out>
<![CDATA[
[[ATTACHMENT|tests-03-api-key-managemen-7c019-d-navigate-to-API-Keys-page-chromium/test-failed-1.png]]

[[ATTACHMENT|tests-03-api-key-managemen-7c019-d-navigate-to-API-Keys-page-chromium/video.webm]]

[[ATTACHMENT|tests-03-api-key-managemen-7c019-d-navigate-to-API-Keys-page-chromium/error-context.md]]
]]>
</system-out>
</testcase>
<testcase name="API Key Management - Dashboard › should display empty state when no API keys exist" classname="tests/03-api-key-management.spec.ts" time="9.875">
<failure message="03-api-key-management.spec.ts:50:3 should display empty state when no API keys exist" type="FAILURE">
<![CDATA[  [chromium] › tests/03-api-key-management.spec.ts:50:3 › API Key Management - Dashboard › should display empty state when no API keys exist 

    Error: expect(locator).toBeVisible() failed

    Locator: getByText(/no.*api.*keys|create.*first.*key|get.*started/i).or(getByRole('button', { name: /create.*api.*key|new.*key/i }).first())
    Expected: visible
    Timeout: 8000ms
    Error: element(s) not found

    Call log:
      - Expect "toBeVisible" with timeout 8000ms
      - waiting for getByText(/no.*api.*keys|create.*first.*key|get.*started/i).or(getByRole('button', { name: /create.*api.*key|new.*key/i }).first())


      64 |
      65 |     // Either empty state or create button should be visible
    > 66 |     await expect(emptyState.or(createButton)).toBeVisible({ timeout: 8000 });
         |                                               ^
      67 |   });
      68 | });
      69 |
        at /Users/danwilliams/Documents/web3/gatekeeper/web/tests/e2e/tests/03-api-key-management.spec.ts:66:47

    attachment #1: screenshot (image/png) ──────────────────────────────────────────────────────────
    ../../test-results/tests-03-api-key-managemen-cd828-tate-when-no-API-keys-exist-chromium/test-failed-1.png
    ────────────────────────────────────────────────────────────────────────────────────────────────

    attachment #2: video (video/webm) ──────────────────────────────────────────────────────────────
    ../../test-results/tests-03-api-key-managemen-cd828-tate-when-no-API-keys-exist-chromium/video.webm
    ────────────────────────────────────────────────────────────────────────────────────────────────

    Error Context: ../../test-results/tests-03-api-key-managemen-cd828-tate-when-no-API-keys-exist-chromium/error-context.md
]]>
</failure>
<system-out>
<![CDATA[
[[ATTACHMENT|tests-03-api-key-managemen-cd828-tate-when-no-API-keys-exist-chromium/test-failed-1.png]]

[[ATTACHMENT|tests-03-api-key-managemen-cd828-tate-when-no-API-keys-exist-chromium/video.webm]]

[[ATTACHMENT|tests-03-api-key-managemen-cd828-tate-when-no-API-keys-exist-chromium/error-context.md]]
]]>
</system-out>
</testcase>
<testcase name="API Key Management - Creation Flow › should open create API key modal/form" classname="tests/03-api-key-management.spec.ts" time="9.875">
<failure message="03-api-key-management.spec.ts:71:3 should open create API key modal/form" type="FAILURE">
<![CDATA[  [chromium] › tests/03-api-key-management.spec.ts:71:3 › API Key Management - Creation Flow › should open create API key modal/form 

    Error: expect(locator).toBeVisible() failed

    Locator: getByTestId('toggle-create-form-button')
    Expected: visible
    Timeout: 8000ms
    Error: element(s) not found

    Call log:
      - Expect "toBeVisible" with timeout 8000ms
      - waiting for getByTestId('toggle-create-form-button')


      82 |     // Click create API key button
      83 |     const createButton = page.getByTestId('toggle-create-form-button');
    > 84 |     await expect(createButton).toBeVisible({ timeout: 8000 });
         |                                ^
      85 |     await createButton.click();
      86 |
      87 |     // Verify form appears
        at /Users/danwilliams/Documents/web3/gatekeeper/web/tests/e2e/tests/03-api-key-management.spec.ts:84:32

    attachment #1: screenshot (image/png) ──────────────────────────────────────────────────────────
    ../../test-results/tests-03-api-key-managemen-c8809-n-create-API-key-modal-form-chromium/test-failed-1.png
    ────────────────────────────────────────────────────────────────────────────────────────────────

    attachment #2: video (video/webm) ──────────────────────────────────────────────────────────────
    ../../test-results/tests-03-api-key-managemen-c8809-n-create-API-key-modal-form-chromium/video.webm
    ────────────────────────────────────────────────────────────────────────────────────────────────

    Error Context: ../../test-results/tests-03-api-key-managemen-c8809-n-create-API-key-modal-form-chromium/error-context.md
]]>
</failure>
<system-out>
<![CDATA[
[[ATTACHMENT|tests-03-api-key-managemen-c8809-n-create-API-key-modal-form-chromium/test-failed-1.png]]

[[ATTACHMENT|tests-03-api-key-managemen-c8809-n-create-API-key-modal-form-chromium/video.webm]]

[[ATTACHMENT|tests-03-api-key-managemen-c8809-n-create-API-key-modal-form-chromium/error-context.md]]
]]>
</system-out>
</testcase>
<testcase name="API Key Management - Creation Flow › should require API key name" classname="tests/03-api-key-management.spec.ts" time="9.844">
<failure message="03-api-key-management.spec.ts:91:3 should require API key name" type="FAILURE">
<![CDATA[  [chromium] › tests/03-api-key-management.spec.ts:91:3 › API Key Management - Creation Flow › should require API key name 

    Error: expect(locator).toBeVisible() failed

    Locator: getByTestId('toggle-create-form-button')
    Expected: visible
    Timeout: 8000ms
    Error: element(s) not found

    Call log:
      - Expect "toBeVisible" with timeout 8000ms
      - waiting for getByTestId('toggle-create-form-button')


      102 |     // Click create API key button
      103 |     const createButton = page.getByTestId('toggle-create-form-button');
    > 104 |     await expect(createButton).toBeVisible({ timeout: 8000 });
          |                                ^
      105 |     await createButton.click();
      106 |
      107 |     // Form should have name input
        at /Users/danwilliams/Documents/web3/gatekeeper/web/tests/e2e/tests/03-api-key-management.spec.ts:104:32

    attachment #1: screenshot (image/png) ──────────────────────────────────────────────────────────
    ../../test-results/tests-03-api-key-managemen-11ef2-should-require-API-key-name-chromium/test-failed-1.png
    ────────────────────────────────────────────────────────────────────────────────────────────────

    attachment #2: video (video/webm) ──────────────────────────────────────────────────────────────
    ../../test-results/tests-03-api-key-managemen-11ef2-should-require-API-key-name-chromium/video.webm
    ────────────────────────────────────────────────────────────────────────────────────────────────

    Error Context: ../../test-results/tests-03-api-key-managemen-11ef2-should-require-API-key-name-chromium/error-context.md
]]>
</failure>
<system-out>
<![CDATA[
[[ATTACHMENT|tests-03-api-key-managemen-11ef2-should-require-API-key-name-chromium/test-failed-1.png]]

[[ATTACHMENT|tests-03-api-key-managemen-11ef2-should-require-API-key-name-chromium/video.webm]]

[[ATTACHMENT|tests-03-api-key-managemen-11ef2-should-require-API-key-name-chromium/error-context.md]]
]]>
</system-out>
</testcase>
<testcase name="API Key Management - Creation Flow › should allow setting API key name" classname="tests/03-api-key-management.spec.ts" time="10.006">
<failure message="03-api-key-management.spec.ts:116:3 should allow setting API key name" type="FAILURE">
<![CDATA[  [chromium] › tests/03-api-key-management.spec.ts:116:3 › API Key Management - Creation Flow › should allow setting API key name 

    Error: expect(locator).toBeVisible() failed

    Locator: getByTestId('toggle-create-form-button')
    Expected: visible
    Timeout: 8000ms
    Error: element(s) not found

    Call log:
      - Expect "toBeVisible" with timeout 8000ms
      - waiting for getByTestId('toggle-create-form-button')


      127 |     // Click create API key button
      128 |     const createButton = page.getByTestId('toggle-create-form-button');
    > 129 |     await expect(createButton).toBeVisible({ timeout: 8000 });
          |                                ^
      130 |     await createButton.click();
      131 |
      132 |     // Fill in name
        at /Users/danwilliams/Documents/web3/gatekeeper/web/tests/e2e/tests/03-api-key-management.spec.ts:129:32

    attachment #1: screenshot (image/png) ──────────────────────────────────────────────────────────
    ../../test-results/tests-03-api-key-managemen-2dcaa--allow-setting-API-key-name-chromium/test-failed-1.png
    ────────────────────────────────────────────────────────────────────────────────────────────────

    attachment #2: video (video/webm) ──────────────────────────────────────────────────────────────
    ../../test-results/tests-03-api-key-managemen-2dcaa--allow-setting-API-key-name-chromium/video.webm
    ────────────────────────────────────────────────────────────────────────────────────────────────

    Error Context: ../../test-results/tests-03-api-key-managemen-2dcaa--allow-setting-API-key-name-chromium/error-context.md
]]>
</failure>
<system-out>
<![CDATA[
[[ATTACHMENT|tests-03-api-key-managemen-2dcaa--allow-setting-API-key-name-chromium/test-failed-1.png]]

[[ATTACHMENT|tests-03-api-key-managemen-2dcaa--allow-setting-API-key-name-chromium/video.webm]]

[[ATTACHMENT|tests-03-api-key-managemen-2dcaa--allow-setting-API-key-name-chromium/error-context.md]]
]]>
</system-out>
</testcase>
<testcase name="API Key Management - Creation Flow › should display scope/permission options" classname="tests/03-api-key-management.spec.ts" time="10.005">
<failure message="03-api-key-management.spec.ts:141:3 should display scope/permission options" type="FAILURE">
<![CDATA[  [chromium] › tests/03-api-key-management.spec.ts:141:3 › API Key Management - Creation Flow › should display scope/permission options 

    Error: expect(locator).toBeVisible() failed

    Locator: getByTestId('toggle-create-form-button')
    Expected: visible
    Timeout: 8000ms
    Error: element(s) not found

    Call log:
      - Expect "toBeVisible" with timeout 8000ms
      - waiting for getByTestId('toggle-create-form-button')


      152 |     // Click create API key button
      153 |     const createButton = page.getByTestId('toggle-create-form-button');
    > 154 |     await expect(createButton).toBeVisible({ timeout: 8000 });
          |                                ^
      155 |     await createButton.click();
      156 |
      157 |     // Scopes input should be visible
        at /Users/danwilliams/Documents/web3/gatekeeper/web/tests/e2e/tests/03-api-key-management.spec.ts:154:32

    attachment #1: screenshot (image/png) ──────────────────────────────────────────────────────────
    ../../test-results/tests-03-api-key-managemen-796b0-ay-scope-permission-options-chromium/test-failed-1.png
    ────────────────────────────────────────────────────────────────────────────────────────────────

    attachment #2: video (video/webm) ──────────────────────────────────────────────────────────────
    ../../test-results/tests-03-api-key-managemen-796b0-ay-scope-permission-options-chromium/video.webm
    ────────────────────────────────────────────────────────────────────────────────────────────────

    Error Context: ../../test-results/tests-03-api-key-managemen-796b0-ay-scope-permission-options-chromium/error-context.md
]]>
</failure>
<system-out>
<![CDATA[
[[ATTACHMENT|tests-03-api-key-managemen-796b0-ay-scope-permission-options-chromium/test-failed-1.png]]

[[ATTACHMENT|tests-03-api-key-managemen-796b0-ay-scope-permission-options-chromium/video.webm]]

[[ATTACHMENT|tests-03-api-key-managemen-796b0-ay-scope-permission-options-chromium/error-context.md]]
]]>
</system-out>
</testcase>
<testcase name="API Key Management - Creation Flow › should allow selecting multiple scopes" classname="tests/03-api-key-management.spec.ts" time="9.833">
<failure message="03-api-key-management.spec.ts:162:3 should allow selecting multiple scopes" type="FAILURE">
<![CDATA[  [chromium] › tests/03-api-key-management.spec.ts:162:3 › API Key Management - Creation Flow › should allow selecting multiple scopes 

    Error: expect(locator).toBeVisible() failed

    Locator: getByTestId('toggle-create-form-button')
    Expected: visible
    Timeout: 8000ms
    Error: element(s) not found

    Call log:
      - Expect "toBeVisible" with timeout 8000ms
      - waiting for getByTestId('toggle-create-form-button')


      173 |     // Click create API key button
      174 |     const createButton = page.getByTestId('toggle-create-form-button');
    > 175 |     await expect(createButton).toBeVisible({ timeout: 8000 });
          |                                ^
      176 |     await createButton.click();
      177 |
      178 |     // Fill scopes input with multiple scopes
        at /Users/danwilliams/Documents/web3/gatekeeper/web/tests/e2e/tests/03-api-key-management.spec.ts:175:32

    attachment #1: screenshot (image/png) ──────────────────────────────────────────────────────────
    ../../test-results/tests-03-api-key-managemen-c02ec-w-selecting-multiple-scopes-chromium/test-failed-1.png
    ────────────────────────────────────────────────────────────────────────────────────────────────

    attachment #2: video (video/webm) ──────────────────────────────────────────────────────────────
    ../../test-results/tests-03-api-key-managemen-c02ec-w-selecting-multiple-scopes-chromium/video.webm
    ────────────────────────────────────────────────────────────────────────────────────────────────

    Error Context: ../../test-results/tests-03-api-key-managemen-c02ec-w-selecting-multiple-scopes-chromium/error-context.md
]]>
</failure>
<system-out>
<![CDATA[
[[ATTACHMENT|tests-03-api-key-managemen-c02ec-w-selecting-multiple-scopes-chromium/test-failed-1.png]]

[[ATTACHMENT|tests-03-api-key-managemen-c02ec-w-selecting-multiple-scopes-chromium/video.webm]]

[[ATTACHMENT|tests-03-api-key-managemen-c02ec-w-selecting-multiple-scopes-chromium/error-context.md]]
]]>
</system-out>
</testcase>
<testcase name="API Key Management - Creation Flow › should validate API key name length" classname="tests/03-api-key-management.spec.ts" time="9.84">
<failure message="03-api-key-management.spec.ts:187:3 should validate API key name length" type="FAILURE">
<![CDATA[  [chromium] › tests/03-api-key-management.spec.ts:187:3 › API Key Management - Creation Flow › should validate API key name length 

    Error: expect(locator).toBeVisible() failed

    Locator: getByTestId('toggle-create-form-button')
    Expected: visible
    Timeout: 8000ms
    Error: element(s) not found

    Call log:
      - Expect "toBeVisible" with timeout 8000ms
      - waiting for getByTestId('toggle-create-form-button')


      198 |     // Click create API key button
      199 |     const createButton = page.getByTestId('toggle-create-form-button');
    > 200 |     await expect(createButton).toBeVisible({ timeout: 8000 });
          |                                ^
      201 |     await createButton.click();
      202 |
      203 |     // Try very long name
        at /Users/danwilliams/Documents/web3/gatekeeper/web/tests/e2e/tests/03-api-key-management.spec.ts:200:32

    attachment #1: screenshot (image/png) ──────────────────────────────────────────────────────────
    ../../test-results/tests-03-api-key-managemen-d9b60-alidate-API-key-name-length-chromium/test-failed-1.png
    ────────────────────────────────────────────────────────────────────────────────────────────────

    attachment #2: video (video/webm) ──────────────────────────────────────────────────────────────
    ../../test-results/tests-03-api-key-managemen-d9b60-alidate-API-key-name-length-chromium/video.webm
    ────────────────────────────────────────────────────────────────────────────────────────────────

    Error Context: ../../test-results/tests-03-api-key-managemen-d9b60-alidate-API-key-name-length-chromium/error-context.md
]]>
</failure>
<system-out>
<![CDATA[
[[ATTACHMENT|tests-03-api-key-managemen-d9b60-alidate-API-key-name-length-chromium/test-failed-1.png]]

[[ATTACHMENT|tests-03-api-key-managemen-d9b60-alidate-API-key-name-length-chromium/video.webm]]

[[ATTACHMENT|tests-03-api-key-managemen-d9b60-alidate-API-key-name-length-chromium/error-context.md]]
]]>
</system-out>
</testcase>
<testcase name="API Key Management - Creation Flow › should display generated API key after creation" classname="tests/03-api-key-management.spec.ts" time="0.205">
</testcase>
<testcase name="API Key Management - Creation Flow › should provide copy-to-clipboard for new API key" classname="tests/03-api-key-management.spec.ts" time="0.21">
</testcase>
<testcase name="API Key Management - Listing &amp; Display › should display existing API keys in a table/list" classname="tests/03-api-key-management.spec.ts" time="2.193">
</testcase>
<testcase name="API Key Management - Listing &amp; Display › should show API key metadata (name, created date, scopes)" classname="tests/03-api-key-management.spec.ts" time="0.143">
</testcase>
<testcase name="API Key Management - Listing &amp; Display › should mask API key values in listing" classname="tests/03-api-key-management.spec.ts" time="1.166">
</testcase>
<testcase name="API Key Management - Listing &amp; Display › should display scopes as badges/tags" classname="tests/03-api-key-management.spec.ts" time="1.159">
</testcase>
<testcase name="API Key Management - Revocation › should show revoke/delete button for each API key" classname="tests/03-api-key-management.spec.ts" time="2.156">
</testcase>
<testcase name="API Key Management - Revocation › should show confirmation dialog before revoking key" classname="tests/03-api-key-management.spec.ts" time="1.187">
</testcase>
<testcase name="API Key Management - Revocation › should allow canceling revocation" classname="tests/03-api-key-management.spec.ts" time="1.209">
</testcase>
<testcase name="API Key Management - Permissions › should not allow non-authenticated users to access API keys page" classname="tests/03-api-key-management.spec.ts" time="2.23">
</testcase>
<testcase name="API Key Management - Permissions › should display API key count/usage statistics" classname="tests/03-api-key-management.spec.ts" time="1.215">
</testcase>
</testsuite>
<testsuite name="tests/04-complete-journey.spec.ts" timestamp="2025-11-01T08:03:32.499Z" hostname="chromium" tests="16" failures="0" skipped="4" time="27.471" errors="0">
<testcase name="Complete User Journey - New User Flow › should complete full journey: Connect → Sign → Create API Key" classname="tests/04-complete-journey.spec.ts" time="0">
<properties>
<property name="skip" value="">
</property>
</properties>
<skipped>
</skipped>
</testcase>
<testcase name="Complete User Journey - New User Flow › should persist authentication across multiple page navigations" classname="tests/04-complete-journey.spec.ts" time="0">
<properties>
<property name="skip" value="">
</property>
</properties>
<skipped>
</skipped>
</testcase>
<testcase name="Complete User Journey - New User Flow › should handle browser refresh while authenticated" classname="tests/04-complete-journey.spec.ts" time="2.575">
</testcase>
<testcase name="Complete User Journey - Returning User Flow › should auto-authenticate returning user with valid token" classname="tests/04-complete-journey.spec.ts" time="0">
<properties>
<property name="skip" value="">
</property>
</properties>
<skipped>
</skipped>
</testcase>
<testcase name="Complete User Journey - Returning User Flow › should prompt re-authentication if token is expired" classname="tests/04-complete-journey.spec.ts" time="2.954">
</testcase>
<testcase name="Complete User Journey - Logout Flow › should complete logout and clear all auth state" classname="tests/04-complete-journey.spec.ts" time="2.545">
</testcase>
<testcase name="Complete User Journey - Logout Flow › should redirect to home after logout from protected page" classname="tests/04-complete-journey.spec.ts" time="3.062">
</testcase>
<testcase name="Complete User Journey - Navigation › should navigate between all main sections when authenticated" classname="tests/04-complete-journey.spec.ts" time="4.602">
</testcase>
<testcase name="Complete User Journey - Navigation › should show active navigation state for current page" classname="tests/04-complete-journey.spec.ts" time="1.856">
</testcase>
<testcase name="Complete User Journey - Error Handling › should handle network errors gracefully" classname="tests/04-complete-journey.spec.ts" time="1.443">
</testcase>
<testcase name="Complete User Journey - Error Handling › should handle invalid JWT token gracefully" classname="tests/04-complete-journey.spec.ts" time="1.434">
</testcase>
<testcase name="Complete User Journey - Error Handling › should handle missing localStorage gracefully" classname="tests/04-complete-journey.spec.ts" time="1.443">
</testcase>
<testcase name="Complete User Journey - Mobile Experience › should complete full journey on mobile viewport" classname="tests/04-complete-journey.spec.ts" time="2.471">
</testcase>
<testcase name="Complete User Journey - Mobile Experience › should handle mobile wallet connection" classname="tests/04-complete-journey.spec.ts" time="0">
<properties>
<property name="skip" value="">
</property>
</properties>
<skipped>
</skipped>
</testcase>
<testcase name="Complete User Journey - Performance › should load homepage within acceptable time" classname="tests/04-complete-journey.spec.ts" time="1.341">
</testcase>
<testcase name="Complete User Journey - Performance › should handle rapid navigation without errors" classname="tests/04-complete-journey.spec.ts" time="1.745">
</testcase>
</testsuite>
</testsuites>